###############################################################
#  Generated by:      Cadence Innovus 15.23-s045_1
#  OS:                Linux x86_64(Host ID ieng6-ece-03.ucsd.edu)
#  Generated on:      Tue Mar 18 23:53:34 2025
#  Design:            sram_w16
#  Command:           verifyConnectivity
###############################################################
Verify Connectivity Report is created on Tue Mar 18 23:53:34 2025



Net VDD: dangling Wire at (372.000, 301.000) (372.000, 301.000) on layer: M4
Net VDD: dangling Wire at (301.800, 301.000) (301.800, 301.000) on layer: M4
Net VDD: dangling Wire at (231.600, 301.000) (231.600, 301.000) on layer: M4
Net VDD: dangling Wire at (161.400, 301.000) (161.400, 301.000) on layer: M4
Net VDD: dangling Wire at (91.200, 301.000) (91.200, 301.000) on layer: M4
Net VDD: dangling Wire at (21.000, 301.000) (21.000, 301.000) on layer: M4
Net VSS: dangling Wire at (379.000, 1.000) (379.000, 1.000) on layer: M4
Net VSS: dangling Wire at (379.000, 301.000) (379.000, 301.000) on layer: M4
Net VSS: dangling Wire at (308.800, 1.000) (308.800, 1.000) on layer: M4
Net VSS: dangling Wire at (308.800, 301.000) (308.800, 301.000) on layer: M4
Net VSS: dangling Wire at (238.600, 1.000) (238.600, 1.000) on layer: M4
Net VSS: dangling Wire at (238.600, 301.000) (238.600, 301.000) on layer: M4
Net VSS: dangling Wire at (168.400, 1.000) (168.400, 1.000) on layer: M4
Net VSS: dangling Wire at (168.400, 301.000) (168.400, 301.000) on layer: M4
Net VSS: dangling Wire at (98.200, 1.000) (98.200, 1.000) on layer: M4
Net VSS: dangling Wire at (98.200, 301.000) (98.200, 301.000) on layer: M4
Net VSS: dangling Wire at (28.000, 1.000) (28.000, 1.000) on layer: M4
Net VSS: dangling Wire at (28.000, 301.000) (28.000, 301.000) on layer: M4

Begin Summary
    18 Problem(s) (IMPVFC-94): The net has dangling wire(s).
    18 total info(s) created.
End Summary
