###############################################################
#  Generated by:      Cadence Innovus 15.23-s045_1
#  OS:                Linux x86_64(Host ID ieng6-ece-02.ucsd.edu)
#  Generated on:      Wed Mar 19 13:34:13 2025
#  Design:            core
#  Command:           verifyConnectivity
###############################################################
Verify Connectivity Report is created on Wed Mar 19 13:34:13 2025



Net VDD: dangling Wire at (10.000, 1446.400) (10.000, 1446.400) on layer: M1
Net VDD: dangling Wire at (10.000, 1457.200) (10.000, 1457.200) on layer: M1
Net VDD: dangling Wire at (10.000, 1439.200) (10.000, 1439.200) on layer: M1
Net VDD: dangling Wire at (10.000, 1374.400) (10.000, 1374.400) on layer: M1
Net VDD: dangling Wire at (10.000, 1327.600) (10.000, 1327.600) on layer: M1
Net VDD: dangling Wire at (10.000, 1334.800) (10.000, 1334.800) on layer: M1
Net VDD: dangling Wire at (10.000, 1176.400) (10.000, 1176.400) on layer: M1
Net VDD: dangling Wire at (10.000, 1158.400) (10.000, 1158.400) on layer: M1
Net VDD: dangling Wire at (10.000, 1129.600) (10.000, 1129.600) on layer: M1
Net VDD: dangling Wire at (10.000, 1136.800) (10.000, 1136.800) on layer: M1
Net VDD: dangling Wire at (10.000, 1151.200) (10.000, 1151.200) on layer: M1
Net VDD: dangling Wire at (10.000, 1561.600) (10.000, 1561.600) on layer: M1
Net VDD: dangling Wire at (10.000, 1072.000) (10.000, 1072.000) on layer: M1
Net VDD: dangling Wire at (10.000, 1068.400) (10.000, 1068.400) on layer: M1
Net VDD: dangling Wire at (10.000, 1064.800) (10.000, 1064.800) on layer: M1
Net VDD: dangling Wire at (10.000, 251.200) (10.000, 251.200) on layer: M1
Net VDD: dangling Wire at (10.000, 244.000) (10.000, 244.000) on layer: M1
Net VDD: dangling Wire at (10.000, 240.400) (10.000, 240.400) on layer: M1
Net VDD: dangling Wire at (10.000, 193.600) (10.000, 193.600) on layer: M1
Net VDD: dangling Wire at (10.000, 100.000) (10.000, 100.000) on layer: M1
Net VDD: dangling Wire at (10.000, 82.000) (10.000, 82.000) on layer: M1
Net VDD: dangling Wire at (10.000, 60.400) (10.000, 60.400) on layer: M1
Net VDD: dangling Wire at (10.000, 38.800) (10.000, 38.800) on layer: M1
Net VDD: dangling Wire at (10.000, 24.400) (10.000, 24.400) on layer: M1
Net VDD: dangling Wire at (19.000, 1610.000) (19.000, 1610.000) on layer: M4
Net VDD: dangling Wire at (129.000, 1610.000) (129.000, 1610.000) on layer: M4
Net VDD: dangling Wire at (239.000, 1610.000) (239.000, 1610.000) on layer: M4
Net VDD: dangling Wire at (349.000, 1610.000) (349.000, 1610.000) on layer: M4
Net VDD: dangling Wire at (459.000, 1610.000) (459.000, 1610.000) on layer: M4
Net VDD: dangling Wire at (569.000, 1610.000) (569.000, 1610.000) on layer: M4
Net VDD: dangling Wire at (679.000, 1610.000) (679.000, 1610.000) on layer: M4
Net VDD: dangling Wire at (789.000, 1610.000) (789.000, 1610.000) on layer: M4
Net VDD: dangling Wire at (899.000, 1610.000) (899.000, 1610.000) on layer: M4
Net VDD: dangling Wire at (1009.000, 1610.000) (1009.000, 1610.000) on layer: M4
Net VDD: dangling Wire at (898.000, 1496.800) (898.000, 1496.800) on layer: M5
Net VDD: dangling Wire at (898.000, 1500.400) (898.000, 1500.400) on layer: M5
Net VDD: dangling Wire at (898.000, 1504.000) (898.000, 1504.000) on layer: M5
Net VDD: dangling Wire at (898.000, 1507.600) (898.000, 1507.600) on layer: M5
Net VDD: dangling Wire at (898.000, 1511.200) (898.000, 1511.200) on layer: M5
Net VDD: dangling Wire at (898.000, 1514.800) (898.000, 1514.800) on layer: M5
Net VDD: dangling Wire at (898.000, 1518.400) (898.000, 1518.400) on layer: M5
Net VDD: dangling Wire at (898.000, 1471.600) (898.000, 1471.600) on layer: M5
Net VDD: dangling Wire at (898.000, 1475.200) (898.000, 1475.200) on layer: M5
Net VDD: dangling Wire at (898.000, 1478.800) (898.000, 1478.800) on layer: M5
Net VDD: dangling Wire at (898.000, 1482.400) (898.000, 1482.400) on layer: M5
Net VDD: dangling Wire at (898.000, 1486.000) (898.000, 1486.000) on layer: M5
Net VDD: dangling Wire at (898.000, 1489.600) (898.000, 1489.600) on layer: M5
Net VDD: dangling Wire at (898.000, 1493.200) (898.000, 1493.200) on layer: M5
Net VDD: dangling Wire at (898.000, 1464.400) (898.000, 1464.400) on layer: M5
Net VDD: dangling Wire at (898.000, 1460.800) (898.000, 1460.800) on layer: M5
Net VDD: dangling Wire at (898.000, 1457.200) (898.000, 1457.200) on layer: M5
Net VDD: dangling Wire at (898.000, 1453.600) (898.000, 1453.600) on layer: M5
Net VDD: dangling Wire at (898.000, 1450.000) (898.000, 1450.000) on layer: M5
Net VDD: dangling Wire at (898.000, 1424.800) (898.000, 1424.800) on layer: M5
Net VDD: dangling Wire at (898.000, 1428.400) (898.000, 1428.400) on layer: M5
Net VDD: dangling Wire at (898.000, 1432.000) (898.000, 1432.000) on layer: M5
Net VDD: dangling Wire at (898.000, 1435.600) (898.000, 1435.600) on layer: M5
Net VDD: dangling Wire at (898.000, 1439.200) (898.000, 1439.200) on layer: M5
Net VDD: dangling Wire at (898.000, 1442.800) (898.000, 1442.800) on layer: M5
Net VDD: dangling Wire at (898.000, 1446.400) (898.000, 1446.400) on layer: M5
Net VDD: dangling Wire at (898.000, 1421.200) (898.000, 1421.200) on layer: M5
Net VDD: dangling Wire at (898.000, 1468.000) (898.000, 1468.000) on layer: M5
Net VDD: dangling Wire at (898.000, 1403.200) (898.000, 1403.200) on layer: M5
Net VDD: dangling Wire at (898.000, 1406.800) (898.000, 1406.800) on layer: M5
Net VDD: dangling Wire at (898.000, 1410.400) (898.000, 1410.400) on layer: M5
Net VDD: dangling Wire at (898.000, 1414.000) (898.000, 1414.000) on layer: M5
Net VDD: dangling Wire at (898.000, 1367.200) (898.000, 1367.200) on layer: M5
Net VDD: dangling Wire at (898.000, 1370.800) (898.000, 1370.800) on layer: M5
Net VDD: dangling Wire at (898.000, 1374.400) (898.000, 1374.400) on layer: M5
Net VDD: dangling Wire at (898.000, 1378.000) (898.000, 1378.000) on layer: M5
Net VDD: dangling Wire at (898.000, 1381.600) (898.000, 1381.600) on layer: M5
Net VDD: dangling Wire at (898.000, 1385.200) (898.000, 1385.200) on layer: M5
Net VDD: dangling Wire at (898.000, 1388.800) (898.000, 1388.800) on layer: M5
Net VDD: dangling Wire at (898.000, 1392.400) (898.000, 1392.400) on layer: M5
Net VDD: dangling Wire at (898.000, 1396.000) (898.000, 1396.000) on layer: M5
Net VDD: dangling Wire at (898.000, 1399.600) (898.000, 1399.600) on layer: M5
Net VDD: dangling Wire at (898.000, 1316.800) (898.000, 1316.800) on layer: M5
Net VDD: dangling Wire at (898.000, 1320.400) (898.000, 1320.400) on layer: M5
Net VDD: dangling Wire at (898.000, 1324.000) (898.000, 1324.000) on layer: M5
Net VDD: dangling Wire at (898.000, 1327.600) (898.000, 1327.600) on layer: M5
Net VDD: dangling Wire at (898.000, 1331.200) (898.000, 1331.200) on layer: M5
Net VDD: dangling Wire at (898.000, 1334.800) (898.000, 1334.800) on layer: M5
Net VDD: dangling Wire at (898.000, 1338.400) (898.000, 1338.400) on layer: M5
Net VDD: dangling Wire at (898.000, 1342.000) (898.000, 1342.000) on layer: M5
Net VDD: dangling Wire at (898.000, 1345.600) (898.000, 1345.600) on layer: M5
Net VDD: dangling Wire at (898.000, 1349.200) (898.000, 1349.200) on layer: M5
Net VDD: dangling Wire at (898.000, 1352.800) (898.000, 1352.800) on layer: M5
Net VDD: dangling Wire at (898.000, 1356.400) (898.000, 1356.400) on layer: M5
Net VDD: dangling Wire at (898.000, 1360.000) (898.000, 1360.000) on layer: M5
Net VDD: dangling Wire at (898.000, 1363.600) (898.000, 1363.600) on layer: M5
Net VDD: dangling Wire at (898.000, 1306.000) (898.000, 1306.000) on layer: M5
Net VDD: dangling Wire at (898.000, 1302.400) (898.000, 1302.400) on layer: M5
Net VDD: dangling Wire at (898.000, 1298.800) (898.000, 1298.800) on layer: M5
Net VDD: dangling Wire at (898.000, 1295.200) (898.000, 1295.200) on layer: M5
Net VDD: dangling Wire at (898.000, 1291.600) (898.000, 1291.600) on layer: M5
Net VDD: dangling Wire at (898.000, 1288.000) (898.000, 1288.000) on layer: M5
Net VDD: dangling Wire at (898.000, 1284.400) (898.000, 1284.400) on layer: M5
Net VDD: dangling Wire at (898.000, 1280.800) (898.000, 1280.800) on layer: M5
Net VDD: dangling Wire at (898.000, 1277.200) (898.000, 1277.200) on layer: M5
Net VDD: dangling Wire at (898.000, 1273.600) (898.000, 1273.600) on layer: M5
Net VDD: dangling Wire at (898.000, 1270.000) (898.000, 1270.000) on layer: M5
Net VDD: dangling Wire at (898.000, 1266.400) (898.000, 1266.400) on layer: M5
Net VDD: dangling Wire at (898.000, 1309.600) (898.000, 1309.600) on layer: M5
Net VDD: dangling Wire at (898.000, 1313.200) (898.000, 1313.200) on layer: M5
Net VDD: dangling Wire at (898.000, 1262.800) (898.000, 1262.800) on layer: M5
Net VDD: dangling Wire at (898.000, 1259.200) (898.000, 1259.200) on layer: M5
Net VDD: dangling Wire at (898.000, 1255.600) (898.000, 1255.600) on layer: M5
Net VDD: dangling Wire at (898.000, 1252.000) (898.000, 1252.000) on layer: M5
Net VDD: dangling Wire at (898.000, 1248.400) (898.000, 1248.400) on layer: M5
Net VDD: dangling Wire at (898.000, 1244.800) (898.000, 1244.800) on layer: M5
Net VDD: dangling Wire at (898.000, 1241.200) (898.000, 1241.200) on layer: M5
Net VDD: dangling Wire at (898.000, 1237.600) (898.000, 1237.600) on layer: M5
Net VDD: dangling Wire at (898.000, 1234.000) (898.000, 1234.000) on layer: M5
Net VDD: dangling Wire at (898.000, 1230.400) (898.000, 1230.400) on layer: M5
Net VDD: dangling Wire at (898.000, 1226.800) (898.000, 1226.800) on layer: M5
Net VDD: dangling Wire at (898.000, 1223.200) (898.000, 1223.200) on layer: M5
Net VDD: dangling Wire at (898.000, 1219.600) (898.000, 1219.600) on layer: M5
Net VDD: dangling Wire at (898.000, 1216.000) (898.000, 1216.000) on layer: M5
Net VDD: dangling Wire at (898.000, 1417.600) (898.000, 1417.600) on layer: M5
Net VDD: dangling Wire at (898.000, 1180.000) (898.000, 1180.000) on layer: M5
Net VDD: dangling Wire at (898.000, 1176.400) (898.000, 1176.400) on layer: M5
Net VDD: dangling Wire at (898.000, 1172.800) (898.000, 1172.800) on layer: M5
Net VDD: dangling Wire at (898.000, 1169.200) (898.000, 1169.200) on layer: M5
Net VDD: dangling Wire at (898.000, 1165.600) (898.000, 1165.600) on layer: M5
Net VDD: dangling Wire at (898.000, 1183.600) (898.000, 1183.600) on layer: M5
Net VDD: dangling Wire at (898.000, 1187.200) (898.000, 1187.200) on layer: M5
Net VDD: dangling Wire at (898.000, 1190.800) (898.000, 1190.800) on layer: M5
Net VDD: dangling Wire at (898.000, 1194.400) (898.000, 1194.400) on layer: M5
Net VDD: dangling Wire at (898.000, 1198.000) (898.000, 1198.000) on layer: M5
Net VDD: dangling Wire at (898.000, 1201.600) (898.000, 1201.600) on layer: M5
Net VDD: dangling Wire at (898.000, 1205.200) (898.000, 1205.200) on layer: M5
Net VDD: dangling Wire at (898.000, 1208.800) (898.000, 1208.800) on layer: M5
Net VDD: dangling Wire at (898.000, 1212.400) (898.000, 1212.400) on layer: M5
Net VDD: dangling Wire at (898.000, 1162.000) (898.000, 1162.000) on layer: M5
Net VDD: dangling Wire at (898.000, 1158.400) (898.000, 1158.400) on layer: M5
Net VDD: dangling Wire at (898.000, 1154.800) (898.000, 1154.800) on layer: M5
Net VDD: dangling Wire at (898.000, 1151.200) (898.000, 1151.200) on layer: M5
Net VDD: dangling Wire at (898.000, 1147.600) (898.000, 1147.600) on layer: M5
Net VDD: dangling Wire at (898.000, 1144.000) (898.000, 1144.000) on layer: M5
Net VDD: dangling Wire at (898.000, 1140.400) (898.000, 1140.400) on layer: M5
Net VDD: dangling Wire at (898.000, 1136.800) (898.000, 1136.800) on layer: M5
Net VDD: dangling Wire at (898.000, 1133.200) (898.000, 1133.200) on layer: M5
Net VDD: dangling Wire at (898.000, 1129.600) (898.000, 1129.600) on layer: M5
Net VDD: dangling Wire at (898.000, 1126.000) (898.000, 1126.000) on layer: M5
Net VDD: dangling Wire at (898.000, 1122.400) (898.000, 1122.400) on layer: M5
Net VDD: dangling Wire at (898.000, 1118.800) (898.000, 1118.800) on layer: M5
Net VDD: dangling Wire at (898.000, 1115.200) (898.000, 1115.200) on layer: M5
Net VDD: dangling Wire at (898.000, 1014.400) (898.000, 1014.400) on layer: M5
Net VDD: dangling Wire at (898.000, 1018.000) (898.000, 1018.000) on layer: M5
Net VDD: dangling Wire at (898.000, 1100.800) (898.000, 1100.800) on layer: M5
Net VDD: dangling Wire at (898.000, 1104.400) (898.000, 1104.400) on layer: M5
Net VDD: dangling Wire at (898.000, 1108.000) (898.000, 1108.000) on layer: M5
Net VDD: dangling Wire at (898.000, 1111.600) (898.000, 1111.600) on layer: M5
Net VDD: dangling Wire at (898.000, 964.000) (898.000, 964.000) on layer: M5
Net VDD: dangling Wire at (898.000, 967.600) (898.000, 967.600) on layer: M5
Net VDD: dangling Wire at (898.000, 971.200) (898.000, 971.200) on layer: M5
Net VDD: dangling Wire at (898.000, 1003.600) (898.000, 1003.600) on layer: M5
Net VDD: dangling Wire at (898.000, 1007.200) (898.000, 1007.200) on layer: M5
Net VDD: dangling Wire at (898.000, 1010.800) (898.000, 1010.800) on layer: M5
Net VDD: dangling Wire at (898.000, 1000.000) (898.000, 1000.000) on layer: M5
Net VDD: dangling Wire at (898.000, 996.400) (898.000, 996.400) on layer: M5
Net VDD: dangling Wire at (898.000, 992.800) (898.000, 992.800) on layer: M5
Net VDD: dangling Wire at (898.000, 989.200) (898.000, 989.200) on layer: M5
Net VDD: dangling Wire at (898.000, 985.600) (898.000, 985.600) on layer: M5
Net VDD: dangling Wire at (898.000, 982.000) (898.000, 982.000) on layer: M5
Net VDD: dangling Wire at (898.000, 978.400) (898.000, 978.400) on layer: M5
Net VDD: dangling Wire at (898.000, 974.800) (898.000, 974.800) on layer: M5
Net VDD: dangling Wire at (898.000, 935.200) (898.000, 935.200) on layer: M5
Net VDD: dangling Wire at (898.000, 938.800) (898.000, 938.800) on layer: M5
Net VDD: dangling Wire at (898.000, 942.400) (898.000, 942.400) on layer: M5
Net VDD: dangling Wire at (898.000, 946.000) (898.000, 946.000) on layer: M5
Net VDD: dangling Wire at (898.000, 949.600) (898.000, 949.600) on layer: M5
Net VDD: dangling Wire at (898.000, 953.200) (898.000, 953.200) on layer: M5
Net VDD: dangling Wire at (898.000, 956.800) (898.000, 956.800) on layer: M5
Net VDD: dangling Wire at (898.000, 960.400) (898.000, 960.400) on layer: M5
Net VDD: dangling Wire at (898.000, 931.600) (898.000, 931.600) on layer: M5
Net VDD: dangling Wire at (898.000, 928.000) (898.000, 928.000) on layer: M5
Net VDD: dangling Wire at (898.000, 924.400) (898.000, 924.400) on layer: M5
Net VDD: dangling Wire at (898.000, 920.800) (898.000, 920.800) on layer: M5
Net VDD: dangling Wire at (898.000, 917.200) (898.000, 917.200) on layer: M5
Net VDD: dangling Wire at (898.000, 913.600) (898.000, 913.600) on layer: M5
Net VDD: dangling Wire at (898.000, 881.200) (898.000, 881.200) on layer: M5
Net VDD: dangling Wire at (898.000, 863.200) (898.000, 863.200) on layer: M5
Net VDD: dangling Wire at (898.000, 866.800) (898.000, 866.800) on layer: M5
Net VDD: dangling Wire at (898.000, 870.400) (898.000, 870.400) on layer: M5
Net VDD: dangling Wire at (898.000, 874.000) (898.000, 874.000) on layer: M5
Net VDD: dangling Wire at (898.000, 877.600) (898.000, 877.600) on layer: M5
Net VDD: dangling Wire at (898.000, 884.800) (898.000, 884.800) on layer: M5
Net VDD: dangling Wire at (898.000, 888.400) (898.000, 888.400) on layer: M5
Net VDD: dangling Wire at (898.000, 892.000) (898.000, 892.000) on layer: M5
Net VDD: dangling Wire at (898.000, 895.600) (898.000, 895.600) on layer: M5
Net VDD: dangling Wire at (898.000, 899.200) (898.000, 899.200) on layer: M5
Net VDD: dangling Wire at (898.000, 910.000) (898.000, 910.000) on layer: M5
Net VDD: dangling Wire at (898.000, 906.400) (898.000, 906.400) on layer: M5
Net VDD: dangling Wire at (898.000, 902.800) (898.000, 902.800) on layer: M5
Net VDD: dangling Wire at (898.000, 812.800) (898.000, 812.800) on layer: M5
Net VDD: dangling Wire at (898.000, 816.400) (898.000, 816.400) on layer: M5
Net VDD: dangling Wire at (898.000, 820.000) (898.000, 820.000) on layer: M5
Net VDD: dangling Wire at (898.000, 823.600) (898.000, 823.600) on layer: M5
Net VDD: dangling Wire at (898.000, 827.200) (898.000, 827.200) on layer: M5
Net VDD: dangling Wire at (898.000, 830.800) (898.000, 830.800) on layer: M5
Net VDD: dangling Wire at (898.000, 834.400) (898.000, 834.400) on layer: M5
Net VDD: dangling Wire at (898.000, 838.000) (898.000, 838.000) on layer: M5
Net VDD: dangling Wire at (898.000, 841.600) (898.000, 841.600) on layer: M5
Net VDD: dangling Wire at (898.000, 845.200) (898.000, 845.200) on layer: M5
Net VDD: dangling Wire at (898.000, 848.800) (898.000, 848.800) on layer: M5
Net VDD: dangling Wire at (898.000, 852.400) (898.000, 852.400) on layer: M5
Net VDD: dangling Wire at (898.000, 856.000) (898.000, 856.000) on layer: M5
Net VDD: dangling Wire at (898.000, 859.600) (898.000, 859.600) on layer: M5
Net VDD: dangling Wire at (130.000, 1500.400) (130.000, 1500.400) on layer: M5
Net VDD: dangling Wire at (130.000, 1504.000) (130.000, 1504.000) on layer: M5
Net VDD: dangling Wire at (130.000, 1507.600) (130.000, 1507.600) on layer: M5
Net VDD: dangling Wire at (130.000, 1511.200) (130.000, 1511.200) on layer: M5
Net VDD: dangling Wire at (130.000, 1514.800) (130.000, 1514.800) on layer: M5
Net VDD: dangling Wire at (130.000, 1518.400) (130.000, 1518.400) on layer: M5
Net VDD: dangling Wire at (130.000, 1471.600) (130.000, 1471.600) on layer: M5
Net VDD: dangling Wire at (130.000, 1475.200) (130.000, 1475.200) on layer: M5
Net VDD: dangling Wire at (130.000, 1478.800) (130.000, 1478.800) on layer: M5
Net VDD: dangling Wire at (130.000, 1482.400) (130.000, 1482.400) on layer: M5
Net VDD: dangling Wire at (130.000, 1486.000) (130.000, 1486.000) on layer: M5
Net VDD: dangling Wire at (130.000, 1489.600) (130.000, 1489.600) on layer: M5
Net VDD: dangling Wire at (130.000, 1493.200) (130.000, 1493.200) on layer: M5
Net VDD: dangling Wire at (130.000, 1496.800) (130.000, 1496.800) on layer: M5
Net VDD: dangling Wire at (130.000, 1446.400) (130.000, 1446.400) on layer: M5
Net VDD: dangling Wire at (130.000, 1450.000) (130.000, 1450.000) on layer: M5
Net VDD: dangling Wire at (130.000, 1453.600) (130.000, 1453.600) on layer: M5
Net VDD: dangling Wire at (130.000, 1457.200) (130.000, 1457.200) on layer: M5
Net VDD: dangling Wire at (130.000, 1460.800) (130.000, 1460.800) on layer: M5
Net VDD: dangling Wire at (130.000, 1464.400) (130.000, 1464.400) on layer: M5
Net VDD: dangling Wire at (130.000, 1421.200) (130.000, 1421.200) on layer: M5
Net VDD: dangling Wire at (130.000, 1424.800) (130.000, 1424.800) on layer: M5
Net VDD: dangling Wire at (130.000, 1428.400) (130.000, 1428.400) on layer: M5
Net VDD: dangling Wire at (130.000, 1432.000) (130.000, 1432.000) on layer: M5
Net VDD: dangling Wire at (130.000, 1435.600) (130.000, 1435.600) on layer: M5
Net VDD: dangling Wire at (130.000, 1439.200) (130.000, 1439.200) on layer: M5
Net VDD: dangling Wire at (130.000, 1442.800) (130.000, 1442.800) on layer: M5
Net VDD: dangling Wire at (130.000, 1468.000) (130.000, 1468.000) on layer: M5
Net VDD: dangling Wire at (130.000, 1381.600) (130.000, 1381.600) on layer: M5
Net VDD: dangling Wire at (130.000, 1378.000) (130.000, 1378.000) on layer: M5
Net VDD: dangling Wire at (130.000, 1374.400) (130.000, 1374.400) on layer: M5
Net VDD: dangling Wire at (130.000, 1370.800) (130.000, 1370.800) on layer: M5
Net VDD: dangling Wire at (130.000, 1367.200) (130.000, 1367.200) on layer: M5
Net VDD: dangling Wire at (130.000, 1410.400) (130.000, 1410.400) on layer: M5
Net VDD: dangling Wire at (130.000, 1406.800) (130.000, 1406.800) on layer: M5
Net VDD: dangling Wire at (130.000, 1403.200) (130.000, 1403.200) on layer: M5
Net VDD: dangling Wire at (130.000, 1399.600) (130.000, 1399.600) on layer: M5
Net VDD: dangling Wire at (130.000, 1396.000) (130.000, 1396.000) on layer: M5
Net VDD: dangling Wire at (130.000, 1392.400) (130.000, 1392.400) on layer: M5
Net VDD: dangling Wire at (130.000, 1388.800) (130.000, 1388.800) on layer: M5
Net VDD: dangling Wire at (130.000, 1385.200) (130.000, 1385.200) on layer: M5
Net VDD: dangling Wire at (130.000, 1414.000) (130.000, 1414.000) on layer: M5
Net VDD: dangling Wire at (130.000, 1331.200) (130.000, 1331.200) on layer: M5
Net VDD: dangling Wire at (130.000, 1363.600) (130.000, 1363.600) on layer: M5
Net VDD: dangling Wire at (130.000, 1360.000) (130.000, 1360.000) on layer: M5
Net VDD: dangling Wire at (130.000, 1356.400) (130.000, 1356.400) on layer: M5
Net VDD: dangling Wire at (130.000, 1324.000) (130.000, 1324.000) on layer: M5
Net VDD: dangling Wire at (130.000, 1320.400) (130.000, 1320.400) on layer: M5
Net VDD: dangling Wire at (130.000, 1316.800) (130.000, 1316.800) on layer: M5
Net VDD: dangling Wire at (130.000, 1352.800) (130.000, 1352.800) on layer: M5
Net VDD: dangling Wire at (130.000, 1349.200) (130.000, 1349.200) on layer: M5
Net VDD: dangling Wire at (130.000, 1345.600) (130.000, 1345.600) on layer: M5
Net VDD: dangling Wire at (130.000, 1342.000) (130.000, 1342.000) on layer: M5
Net VDD: dangling Wire at (130.000, 1338.400) (130.000, 1338.400) on layer: M5
Net VDD: dangling Wire at (130.000, 1334.800) (130.000, 1334.800) on layer: M5
Net VDD: dangling Wire at (130.000, 1327.600) (130.000, 1327.600) on layer: M5
Net VDD: dangling Wire at (130.000, 1313.200) (130.000, 1313.200) on layer: M5
Net VDD: dangling Wire at (130.000, 1309.600) (130.000, 1309.600) on layer: M5
Net VDD: dangling Wire at (130.000, 1306.000) (130.000, 1306.000) on layer: M5
Net VDD: dangling Wire at (130.000, 1302.400) (130.000, 1302.400) on layer: M5
Net VDD: dangling Wire at (130.000, 1298.800) (130.000, 1298.800) on layer: M5
Net VDD: dangling Wire at (130.000, 1266.400) (130.000, 1266.400) on layer: M5
Net VDD: dangling Wire at (130.000, 1295.200) (130.000, 1295.200) on layer: M5
Net VDD: dangling Wire at (130.000, 1291.600) (130.000, 1291.600) on layer: M5
Net VDD: dangling Wire at (130.000, 1288.000) (130.000, 1288.000) on layer: M5
Net VDD: dangling Wire at (130.000, 1284.400) (130.000, 1284.400) on layer: M5
Net VDD: dangling Wire at (130.000, 1280.800) (130.000, 1280.800) on layer: M5
Net VDD: dangling Wire at (130.000, 1277.200) (130.000, 1277.200) on layer: M5
Net VDD: dangling Wire at (130.000, 1273.600) (130.000, 1273.600) on layer: M5
Net VDD: dangling Wire at (130.000, 1270.000) (130.000, 1270.000) on layer: M5
Net VDD: dangling Wire at (130.000, 1262.800) (130.000, 1262.800) on layer: M5
Net VDD: dangling Wire at (130.000, 1259.200) (130.000, 1259.200) on layer: M5
Net VDD: dangling Wire at (130.000, 1255.600) (130.000, 1255.600) on layer: M5
Net VDD: dangling Wire at (130.000, 1252.000) (130.000, 1252.000) on layer: M5
Net VDD: dangling Wire at (130.000, 1248.400) (130.000, 1248.400) on layer: M5
Net VDD: dangling Wire at (130.000, 1244.800) (130.000, 1244.800) on layer: M5
Net VDD: dangling Wire at (130.000, 1241.200) (130.000, 1241.200) on layer: M5
Net VDD: dangling Wire at (130.000, 1237.600) (130.000, 1237.600) on layer: M5
Net VDD: dangling Wire at (130.000, 1234.000) (130.000, 1234.000) on layer: M5
Net VDD: dangling Wire at (130.000, 1230.400) (130.000, 1230.400) on layer: M5
Net VDD: dangling Wire at (130.000, 1226.800) (130.000, 1226.800) on layer: M5
Net VDD: dangling Wire at (130.000, 1223.200) (130.000, 1223.200) on layer: M5
Net VDD: dangling Wire at (130.000, 1219.600) (130.000, 1219.600) on layer: M5
Net VDD: dangling Wire at (130.000, 1216.000) (130.000, 1216.000) on layer: M5
Net VDD: dangling Wire at (130.000, 1417.600) (130.000, 1417.600) on layer: M5
Net VDD: dangling Wire at (130.000, 1165.600) (130.000, 1165.600) on layer: M5
Net VDD: dangling Wire at (130.000, 1169.200) (130.000, 1169.200) on layer: M5
Net VDD: dangling Wire at (130.000, 1172.800) (130.000, 1172.800) on layer: M5
Net VDD: dangling Wire at (130.000, 1176.400) (130.000, 1176.400) on layer: M5
Net VDD: dangling Wire at (130.000, 1180.000) (130.000, 1180.000) on layer: M5
Net VDD: dangling Wire at (130.000, 1208.800) (130.000, 1208.800) on layer: M5
Net VDD: dangling Wire at (130.000, 1205.200) (130.000, 1205.200) on layer: M5
Net VDD: dangling Wire at (130.000, 1201.600) (130.000, 1201.600) on layer: M5
Net VDD: dangling Wire at (130.000, 1198.000) (130.000, 1198.000) on layer: M5
Net VDD: dangling Wire at (130.000, 1194.400) (130.000, 1194.400) on layer: M5
Net VDD: dangling Wire at (130.000, 1190.800) (130.000, 1190.800) on layer: M5
Net VDD: dangling Wire at (130.000, 1187.200) (130.000, 1187.200) on layer: M5
Net VDD: dangling Wire at (130.000, 1183.600) (130.000, 1183.600) on layer: M5
Net VDD: dangling Wire at (130.000, 1212.400) (130.000, 1212.400) on layer: M5
Net VDD: dangling Wire at (130.000, 1115.200) (130.000, 1115.200) on layer: M5
Net VDD: dangling Wire at (130.000, 1118.800) (130.000, 1118.800) on layer: M5
Net VDD: dangling Wire at (130.000, 1122.400) (130.000, 1122.400) on layer: M5
Net VDD: dangling Wire at (130.000, 1154.800) (130.000, 1154.800) on layer: M5
Net VDD: dangling Wire at (130.000, 1158.400) (130.000, 1158.400) on layer: M5
Net VDD: dangling Wire at (130.000, 1162.000) (130.000, 1162.000) on layer: M5
Net VDD: dangling Wire at (130.000, 1126.000) (130.000, 1126.000) on layer: M5
Net VDD: dangling Wire at (130.000, 1129.600) (130.000, 1129.600) on layer: M5
Net VDD: dangling Wire at (130.000, 1133.200) (130.000, 1133.200) on layer: M5
Net VDD: dangling Wire at (130.000, 1136.800) (130.000, 1136.800) on layer: M5
Net VDD: dangling Wire at (130.000, 1140.400) (130.000, 1140.400) on layer: M5
Net VDD: dangling Wire at (130.000, 1144.000) (130.000, 1144.000) on layer: M5
Net VDD: dangling Wire at (130.000, 1147.600) (130.000, 1147.600) on layer: M5
Net VDD: dangling Wire at (130.000, 1151.200) (130.000, 1151.200) on layer: M5
Net VDD: dangling Wire at (130.000, 1018.000) (130.000, 1018.000) on layer: M5
Net VDD: dangling Wire at (130.000, 1014.400) (130.000, 1014.400) on layer: M5
Net VDD: dangling Wire at (130.000, 1111.600) (130.000, 1111.600) on layer: M5
Net VDD: dangling Wire at (130.000, 1108.000) (130.000, 1108.000) on layer: M5
Net VDD: dangling Wire at (130.000, 1104.400) (130.000, 1104.400) on layer: M5
Net VDD: dangling Wire at (130.000, 1100.800) (130.000, 1100.800) on layer: M5
Net VDD: dangling Wire at (130.000, 1010.800) (130.000, 1010.800) on layer: M5
Net VDD: dangling Wire at (130.000, 1007.200) (130.000, 1007.200) on layer: M5
Net VDD: dangling Wire at (130.000, 1003.600) (130.000, 1003.600) on layer: M5
Net VDD: dangling Wire at (130.000, 1000.000) (130.000, 1000.000) on layer: M5
Net VDD: dangling Wire at (130.000, 967.600) (130.000, 967.600) on layer: M5
Net VDD: dangling Wire at (130.000, 964.000) (130.000, 964.000) on layer: M5
Net VDD: dangling Wire at (130.000, 996.400) (130.000, 996.400) on layer: M5
Net VDD: dangling Wire at (130.000, 992.800) (130.000, 992.800) on layer: M5
Net VDD: dangling Wire at (130.000, 989.200) (130.000, 989.200) on layer: M5
Net VDD: dangling Wire at (130.000, 985.600) (130.000, 985.600) on layer: M5
Net VDD: dangling Wire at (130.000, 982.000) (130.000, 982.000) on layer: M5
Net VDD: dangling Wire at (130.000, 978.400) (130.000, 978.400) on layer: M5
Net VDD: dangling Wire at (130.000, 974.800) (130.000, 974.800) on layer: M5
Net VDD: dangling Wire at (130.000, 971.200) (130.000, 971.200) on layer: M5
Net VDD: dangling Wire at (130.000, 938.800) (130.000, 938.800) on layer: M5
Net VDD: dangling Wire at (130.000, 935.200) (130.000, 935.200) on layer: M5
Net VDD: dangling Wire at (130.000, 931.600) (130.000, 931.600) on layer: M5
Net VDD: dangling Wire at (130.000, 928.000) (130.000, 928.000) on layer: M5
Net VDD: dangling Wire at (130.000, 924.400) (130.000, 924.400) on layer: M5
Net VDD: dangling Wire at (130.000, 920.800) (130.000, 920.800) on layer: M5
Net VDD: dangling Wire at (130.000, 917.200) (130.000, 917.200) on layer: M5
Net VDD: dangling Wire at (130.000, 913.600) (130.000, 913.600) on layer: M5
Net VDD: dangling Wire at (130.000, 960.400) (130.000, 960.400) on layer: M5
Net VDD: dangling Wire at (130.000, 956.800) (130.000, 956.800) on layer: M5
Net VDD: dangling Wire at (130.000, 953.200) (130.000, 953.200) on layer: M5
Net VDD: dangling Wire at (130.000, 949.600) (130.000, 949.600) on layer: M5
Net VDD: dangling Wire at (130.000, 946.000) (130.000, 946.000) on layer: M5
Net VDD: dangling Wire at (130.000, 942.400) (130.000, 942.400) on layer: M5
Net VDD: dangling Wire at (130.000, 910.000) (130.000, 910.000) on layer: M5
Net VDD: dangling Wire at (130.000, 906.400) (130.000, 906.400) on layer: M5
Net VDD: dangling Wire at (130.000, 902.800) (130.000, 902.800) on layer: M5
Net VDD: dangling Wire at (130.000, 899.200) (130.000, 899.200) on layer: M5
Net VDD: dangling Wire at (130.000, 895.600) (130.000, 895.600) on layer: M5
Net VDD: dangling Wire at (130.000, 892.000) (130.000, 892.000) on layer: M5
Net VDD: dangling Wire at (130.000, 888.400) (130.000, 888.400) on layer: M5
Net VDD: dangling Wire at (130.000, 884.800) (130.000, 884.800) on layer: M5
Net VDD: dangling Wire at (130.000, 881.200) (130.000, 881.200) on layer: M5
Net VDD: dangling Wire at (130.000, 877.600) (130.000, 877.600) on layer: M5
Net VDD: dangling Wire at (130.000, 874.000) (130.000, 874.000) on layer: M5
Net VDD: dangling Wire at (130.000, 870.400) (130.000, 870.400) on layer: M5
Net VDD: dangling Wire at (130.000, 866.800) (130.000, 866.800) on layer: M5
Net VDD: dangling Wire at (130.000, 863.200) (130.000, 863.200) on layer: M5
Net VDD: dangling Wire at (130.000, 859.600) (130.000, 859.600) on layer: M5
Net VDD: dangling Wire at (130.000, 852.400) (130.000, 852.400) on layer: M5
Net VDD: dangling Wire at (130.000, 848.800) (130.000, 848.800) on layer: M5
Net VDD: dangling Wire at (130.000, 845.200) (130.000, 845.200) on layer: M5
Net VDD: dangling Wire at (130.000, 841.600) (130.000, 841.600) on layer: M5
Net VDD: dangling Wire at (130.000, 838.000) (130.000, 838.000) on layer: M5
Net VDD: dangling Wire at (130.000, 834.400) (130.000, 834.400) on layer: M5
Net VDD: dangling Wire at (130.000, 830.800) (130.000, 830.800) on layer: M5
Net VDD: dangling Wire at (130.000, 827.200) (130.000, 827.200) on layer: M5
Net VDD: dangling Wire at (130.000, 856.000) (130.000, 856.000) on layer: M5
Net VDD: dangling Wire at (130.000, 823.600) (130.000, 823.600) on layer: M5
Net VDD: dangling Wire at (130.000, 820.000) (130.000, 820.000) on layer: M5
Net VDD: dangling Wire at (130.000, 816.400) (130.000, 816.400) on layer: M5
Net VDD: dangling Wire at (130.000, 812.800) (130.000, 812.800) on layer: M5
Net VDD: dangling Wire at (898.000, 762.400) (898.000, 762.400) on layer: M5
Net VDD: dangling Wire at (898.000, 766.000) (898.000, 766.000) on layer: M5
Net VDD: dangling Wire at (898.000, 769.600) (898.000, 769.600) on layer: M5
Net VDD: dangling Wire at (898.000, 773.200) (898.000, 773.200) on layer: M5
Net VDD: dangling Wire at (898.000, 776.800) (898.000, 776.800) on layer: M5
Net VDD: dangling Wire at (898.000, 780.400) (898.000, 780.400) on layer: M5
Net VDD: dangling Wire at (898.000, 784.000) (898.000, 784.000) on layer: M5
Net VDD: dangling Wire at (898.000, 787.600) (898.000, 787.600) on layer: M5
Net VDD: dangling Wire at (898.000, 791.200) (898.000, 791.200) on layer: M5
Net VDD: dangling Wire at (898.000, 794.800) (898.000, 794.800) on layer: M5
Net VDD: dangling Wire at (898.000, 798.400) (898.000, 798.400) on layer: M5
Net VDD: dangling Wire at (898.000, 802.000) (898.000, 802.000) on layer: M5
Net VDD: dangling Wire at (898.000, 805.600) (898.000, 805.600) on layer: M5
Net VDD: dangling Wire at (898.000, 809.200) (898.000, 809.200) on layer: M5
Net VDD: dangling Wire at (898.000, 715.600) (898.000, 715.600) on layer: M5
Net VDD: dangling Wire at (898.000, 712.000) (898.000, 712.000) on layer: M5
Net VDD: dangling Wire at (898.000, 719.200) (898.000, 719.200) on layer: M5
Net VDD: dangling Wire at (898.000, 722.800) (898.000, 722.800) on layer: M5
Net VDD: dangling Wire at (898.000, 726.400) (898.000, 726.400) on layer: M5
Net VDD: dangling Wire at (898.000, 730.000) (898.000, 730.000) on layer: M5
Net VDD: dangling Wire at (898.000, 733.600) (898.000, 733.600) on layer: M5
Net VDD: dangling Wire at (898.000, 737.200) (898.000, 737.200) on layer: M5
Net VDD: dangling Wire at (898.000, 740.800) (898.000, 740.800) on layer: M5
Net VDD: dangling Wire at (898.000, 744.400) (898.000, 744.400) on layer: M5
Net VDD: dangling Wire at (898.000, 748.000) (898.000, 748.000) on layer: M5
Net VDD: dangling Wire at (898.000, 751.600) (898.000, 751.600) on layer: M5
Net VDD: dangling Wire at (898.000, 755.200) (898.000, 755.200) on layer: M5
Net VDD: dangling Wire at (898.000, 758.800) (898.000, 758.800) on layer: M5
Net VDD: dangling Wire at (898.000, 708.400) (898.000, 708.400) on layer: M5
Net VDD: dangling Wire at (898.000, 704.800) (898.000, 704.800) on layer: M5
Net VDD: dangling Wire at (898.000, 701.200) (898.000, 701.200) on layer: M5
Net VDD: dangling Wire at (898.000, 697.600) (898.000, 697.600) on layer: M5
Net VDD: dangling Wire at (898.000, 694.000) (898.000, 694.000) on layer: M5
Net VDD: dangling Wire at (898.000, 690.400) (898.000, 690.400) on layer: M5
Net VDD: dangling Wire at (898.000, 686.800) (898.000, 686.800) on layer: M5
Net VDD: dangling Wire at (898.000, 683.200) (898.000, 683.200) on layer: M5
Net VDD: dangling Wire at (898.000, 679.600) (898.000, 679.600) on layer: M5
Net VDD: dangling Wire at (898.000, 676.000) (898.000, 676.000) on layer: M5
Net VDD: dangling Wire at (898.000, 672.400) (898.000, 672.400) on layer: M5
Net VDD: dangling Wire at (898.000, 668.800) (898.000, 668.800) on layer: M5
Net VDD: dangling Wire at (898.000, 665.200) (898.000, 665.200) on layer: M5
Net VDD: dangling Wire at (898.000, 661.600) (898.000, 661.600) on layer: M5
Net VDD: dangling Wire at (898.000, 654.400) (898.000, 654.400) on layer: M5
Net VDD: dangling Wire at (898.000, 650.800) (898.000, 650.800) on layer: M5
Net VDD: dangling Wire at (898.000, 647.200) (898.000, 647.200) on layer: M5
Net VDD: dangling Wire at (898.000, 643.600) (898.000, 643.600) on layer: M5
Net VDD: dangling Wire at (898.000, 640.000) (898.000, 640.000) on layer: M5
Net VDD: dangling Wire at (898.000, 636.400) (898.000, 636.400) on layer: M5
Net VDD: dangling Wire at (898.000, 632.800) (898.000, 632.800) on layer: M5
Net VDD: dangling Wire at (898.000, 629.200) (898.000, 629.200) on layer: M5
Net VDD: dangling Wire at (898.000, 625.600) (898.000, 625.600) on layer: M5
Net VDD: dangling Wire at (898.000, 622.000) (898.000, 622.000) on layer: M5
Net VDD: dangling Wire at (898.000, 618.400) (898.000, 618.400) on layer: M5
Net VDD: dangling Wire at (898.000, 614.800) (898.000, 614.800) on layer: M5
Net VDD: dangling Wire at (898.000, 611.200) (898.000, 611.200) on layer: M5
Net VDD: dangling Wire at (898.000, 658.000) (898.000, 658.000) on layer: M5
Net VDD: dangling Wire at (898.000, 604.000) (898.000, 604.000) on layer: M5
Net VDD: dangling Wire at (898.000, 600.400) (898.000, 600.400) on layer: M5
Net VDD: dangling Wire at (898.000, 517.600) (898.000, 517.600) on layer: M5
Net VDD: dangling Wire at (898.000, 514.000) (898.000, 514.000) on layer: M5
Net VDD: dangling Wire at (898.000, 510.400) (898.000, 510.400) on layer: M5
Net VDD: dangling Wire at (898.000, 506.800) (898.000, 506.800) on layer: M5
Net VDD: dangling Wire at (898.000, 456.400) (898.000, 456.400) on layer: M5
Net VDD: dangling Wire at (898.000, 460.000) (898.000, 460.000) on layer: M5
Net VDD: dangling Wire at (898.000, 463.600) (898.000, 463.600) on layer: M5
Net VDD: dangling Wire at (898.000, 467.200) (898.000, 467.200) on layer: M5
Net VDD: dangling Wire at (898.000, 470.800) (898.000, 470.800) on layer: M5
Net VDD: dangling Wire at (898.000, 474.400) (898.000, 474.400) on layer: M5
Net VDD: dangling Wire at (898.000, 478.000) (898.000, 478.000) on layer: M5
Net VDD: dangling Wire at (898.000, 481.600) (898.000, 481.600) on layer: M5
Net VDD: dangling Wire at (898.000, 485.200) (898.000, 485.200) on layer: M5
Net VDD: dangling Wire at (898.000, 488.800) (898.000, 488.800) on layer: M5
Net VDD: dangling Wire at (898.000, 492.400) (898.000, 492.400) on layer: M5
Net VDD: dangling Wire at (898.000, 496.000) (898.000, 496.000) on layer: M5
Net VDD: dangling Wire at (898.000, 499.600) (898.000, 499.600) on layer: M5
Net VDD: dangling Wire at (898.000, 503.200) (898.000, 503.200) on layer: M5
Net VDD: dangling Wire at (898.000, 416.800) (898.000, 416.800) on layer: M5
Net VDD: dangling Wire at (898.000, 434.800) (898.000, 434.800) on layer: M5
Net VDD: dangling Wire at (898.000, 438.400) (898.000, 438.400) on layer: M5
Net VDD: dangling Wire at (898.000, 442.000) (898.000, 442.000) on layer: M5
Net VDD: dangling Wire at (898.000, 445.600) (898.000, 445.600) on layer: M5
Net VDD: dangling Wire at (898.000, 449.200) (898.000, 449.200) on layer: M5
Net VDD: dangling Wire at (898.000, 452.800) (898.000, 452.800) on layer: M5
Net VDD: dangling Wire at (898.000, 406.000) (898.000, 406.000) on layer: M5
Net VDD: dangling Wire at (898.000, 409.600) (898.000, 409.600) on layer: M5
Net VDD: dangling Wire at (898.000, 413.200) (898.000, 413.200) on layer: M5
Net VDD: dangling Wire at (898.000, 420.400) (898.000, 420.400) on layer: M5
Net VDD: dangling Wire at (898.000, 424.000) (898.000, 424.000) on layer: M5
Net VDD: dangling Wire at (898.000, 427.600) (898.000, 427.600) on layer: M5
Net VDD: dangling Wire at (898.000, 431.200) (898.000, 431.200) on layer: M5
Net VDD: dangling Wire at (898.000, 607.600) (898.000, 607.600) on layer: M5
Net VDD: dangling Wire at (898.000, 355.600) (898.000, 355.600) on layer: M5
Net VDD: dangling Wire at (898.000, 359.200) (898.000, 359.200) on layer: M5
Net VDD: dangling Wire at (898.000, 362.800) (898.000, 362.800) on layer: M5
Net VDD: dangling Wire at (898.000, 366.400) (898.000, 366.400) on layer: M5
Net VDD: dangling Wire at (898.000, 370.000) (898.000, 370.000) on layer: M5
Net VDD: dangling Wire at (898.000, 373.600) (898.000, 373.600) on layer: M5
Net VDD: dangling Wire at (898.000, 377.200) (898.000, 377.200) on layer: M5
Net VDD: dangling Wire at (898.000, 380.800) (898.000, 380.800) on layer: M5
Net VDD: dangling Wire at (898.000, 384.400) (898.000, 384.400) on layer: M5
Net VDD: dangling Wire at (898.000, 388.000) (898.000, 388.000) on layer: M5
Net VDD: dangling Wire at (898.000, 391.600) (898.000, 391.600) on layer: M5
Net VDD: dangling Wire at (898.000, 395.200) (898.000, 395.200) on layer: M5
Net VDD: dangling Wire at (898.000, 398.800) (898.000, 398.800) on layer: M5
Net VDD: dangling Wire at (898.000, 402.400) (898.000, 402.400) on layer: M5
Net VDD: dangling Wire at (898.000, 308.800) (898.000, 308.800) on layer: M5
Net VDD: dangling Wire at (898.000, 305.200) (898.000, 305.200) on layer: M5
Net VDD: dangling Wire at (898.000, 312.400) (898.000, 312.400) on layer: M5
Net VDD: dangling Wire at (898.000, 316.000) (898.000, 316.000) on layer: M5
Net VDD: dangling Wire at (898.000, 319.600) (898.000, 319.600) on layer: M5
Net VDD: dangling Wire at (898.000, 323.200) (898.000, 323.200) on layer: M5
Net VDD: dangling Wire at (898.000, 326.800) (898.000, 326.800) on layer: M5
Net VDD: dangling Wire at (898.000, 330.400) (898.000, 330.400) on layer: M5
Net VDD: dangling Wire at (898.000, 334.000) (898.000, 334.000) on layer: M5
Net VDD: dangling Wire at (898.000, 337.600) (898.000, 337.600) on layer: M5
Net VDD: dangling Wire at (898.000, 341.200) (898.000, 341.200) on layer: M5
Net VDD: dangling Wire at (898.000, 344.800) (898.000, 344.800) on layer: M5
Net VDD: dangling Wire at (898.000, 348.400) (898.000, 348.400) on layer: M5
Net VDD: dangling Wire at (898.000, 352.000) (898.000, 352.000) on layer: M5
Net VDD: dangling Wire at (898.000, 301.600) (898.000, 301.600) on layer: M5
Net VDD: dangling Wire at (898.000, 298.000) (898.000, 298.000) on layer: M5
Net VDD: dangling Wire at (898.000, 294.400) (898.000, 294.400) on layer: M5
Net VDD: dangling Wire at (898.000, 290.800) (898.000, 290.800) on layer: M5
Net VDD: dangling Wire at (898.000, 287.200) (898.000, 287.200) on layer: M5
Net VDD: dangling Wire at (898.000, 283.600) (898.000, 283.600) on layer: M5
Net VDD: dangling Wire at (898.000, 280.000) (898.000, 280.000) on layer: M5
Net VDD: dangling Wire at (898.000, 276.400) (898.000, 276.400) on layer: M5
Net VDD: dangling Wire at (898.000, 272.800) (898.000, 272.800) on layer: M5
Net VDD: dangling Wire at (898.000, 269.200) (898.000, 269.200) on layer: M5
Net VDD: dangling Wire at (898.000, 265.600) (898.000, 265.600) on layer: M5
Net VDD: dangling Wire at (898.000, 262.000) (898.000, 262.000) on layer: M5
Net VDD: dangling Wire at (898.000, 258.400) (898.000, 258.400) on layer: M5
Net VDD: dangling Wire at (898.000, 254.800) (898.000, 254.800) on layer: M5
Net VDD: dangling Wire at (898.000, 251.200) (898.000, 251.200) on layer: M5
Net VDD: dangling Wire at (898.000, 247.600) (898.000, 247.600) on layer: M5
Net VDD: dangling Wire at (898.000, 244.000) (898.000, 244.000) on layer: M5
Net VDD: dangling Wire at (898.000, 240.400) (898.000, 240.400) on layer: M5
Net VDD: dangling Wire at (898.000, 236.800) (898.000, 236.800) on layer: M5
Net VDD: dangling Wire at (898.000, 233.200) (898.000, 233.200) on layer: M5
Net VDD: dangling Wire at (898.000, 229.600) (898.000, 229.600) on layer: M5
Net VDD: dangling Wire at (898.000, 226.000) (898.000, 226.000) on layer: M5
Net VDD: dangling Wire at (898.000, 222.400) (898.000, 222.400) on layer: M5
Net VDD: dangling Wire at (898.000, 218.800) (898.000, 218.800) on layer: M5
Net VDD: dangling Wire at (898.000, 215.200) (898.000, 215.200) on layer: M5
Net VDD: dangling Wire at (898.000, 211.600) (898.000, 211.600) on layer: M5
Net VDD: dangling Wire at (898.000, 208.000) (898.000, 208.000) on layer: M5
Net VDD: dangling Wire at (898.000, 204.400) (898.000, 204.400) on layer: M5
Net VDD: dangling Wire at (898.000, 200.800) (898.000, 200.800) on layer: M5
Net VDD: dangling Wire at (898.000, 154.000) (898.000, 154.000) on layer: M5
Net VDD: dangling Wire at (898.000, 157.600) (898.000, 157.600) on layer: M5
Net VDD: dangling Wire at (898.000, 161.200) (898.000, 161.200) on layer: M5
Net VDD: dangling Wire at (898.000, 164.800) (898.000, 164.800) on layer: M5
Net VDD: dangling Wire at (898.000, 168.400) (898.000, 168.400) on layer: M5
Net VDD: dangling Wire at (898.000, 172.000) (898.000, 172.000) on layer: M5
Net VDD: dangling Wire at (898.000, 175.600) (898.000, 175.600) on layer: M5
Net VDD: dangling Wire at (898.000, 179.200) (898.000, 179.200) on layer: M5
Net VDD: dangling Wire at (898.000, 182.800) (898.000, 182.800) on layer: M5
Net VDD: dangling Wire at (898.000, 186.400) (898.000, 186.400) on layer: M5
Net VDD: dangling Wire at (898.000, 190.000) (898.000, 190.000) on layer: M5
Net VDD: dangling Wire at (898.000, 193.600) (898.000, 193.600) on layer: M5
Net VDD: dangling Wire at (898.000, 197.200) (898.000, 197.200) on layer: M5
Net VDD: dangling Wire at (898.000, 103.600) (898.000, 103.600) on layer: M5
Net VDD: dangling Wire at (898.000, 107.200) (898.000, 107.200) on layer: M5
Net VDD: dangling Wire at (898.000, 110.800) (898.000, 110.800) on layer: M5
Net VDD: dangling Wire at (898.000, 114.400) (898.000, 114.400) on layer: M5
Net VDD: dangling Wire at (898.000, 118.000) (898.000, 118.000) on layer: M5
Net VDD: dangling Wire at (898.000, 121.600) (898.000, 121.600) on layer: M5
Net VDD: dangling Wire at (898.000, 125.200) (898.000, 125.200) on layer: M5
Net VDD: dangling Wire at (898.000, 128.800) (898.000, 128.800) on layer: M5
Net VDD: dangling Wire at (898.000, 132.400) (898.000, 132.400) on layer: M5
Net VDD: dangling Wire at (898.000, 136.000) (898.000, 136.000) on layer: M5
Net VDD: dangling Wire at (898.000, 139.600) (898.000, 139.600) on layer: M5
Net VDD: dangling Wire at (898.000, 143.200) (898.000, 143.200) on layer: M5
Net VDD: dangling Wire at (898.000, 146.800) (898.000, 146.800) on layer: M5
Net VDD: dangling Wire at (898.000, 150.400) (898.000, 150.400) on layer: M5
Net VDD: dangling Wire at (898.000, 100.000) (898.000, 100.000) on layer: M5
Net VDD: dangling Wire at (130.000, 794.800) (130.000, 794.800) on layer: M5
Net VDD: dangling Wire at (130.000, 791.200) (130.000, 791.200) on layer: M5
Net VDD: dangling Wire at (130.000, 787.600) (130.000, 787.600) on layer: M5
Net VDD: dangling Wire at (130.000, 784.000) (130.000, 784.000) on layer: M5
Net VDD: dangling Wire at (130.000, 780.400) (130.000, 780.400) on layer: M5
Net VDD: dangling Wire at (130.000, 776.800) (130.000, 776.800) on layer: M5
Net VDD: dangling Wire at (130.000, 773.200) (130.000, 773.200) on layer: M5
Net VDD: dangling Wire at (130.000, 769.600) (130.000, 769.600) on layer: M5
Net VDD: dangling Wire at (130.000, 809.200) (130.000, 809.200) on layer: M5
Net VDD: dangling Wire at (130.000, 805.600) (130.000, 805.600) on layer: M5
Net VDD: dangling Wire at (130.000, 802.000) (130.000, 802.000) on layer: M5
Net VDD: dangling Wire at (130.000, 798.400) (130.000, 798.400) on layer: M5
Net VDD: dangling Wire at (130.000, 766.000) (130.000, 766.000) on layer: M5
Net VDD: dangling Wire at (130.000, 762.400) (130.000, 762.400) on layer: M5
Net VDD: dangling Wire at (130.000, 712.000) (130.000, 712.000) on layer: M5
Net VDD: dangling Wire at (130.000, 715.600) (130.000, 715.600) on layer: M5
Net VDD: dangling Wire at (130.000, 719.200) (130.000, 719.200) on layer: M5
Net VDD: dangling Wire at (130.000, 722.800) (130.000, 722.800) on layer: M5
Net VDD: dangling Wire at (130.000, 748.000) (130.000, 748.000) on layer: M5
Net VDD: dangling Wire at (130.000, 744.400) (130.000, 744.400) on layer: M5
Net VDD: dangling Wire at (130.000, 740.800) (130.000, 740.800) on layer: M5
Net VDD: dangling Wire at (130.000, 737.200) (130.000, 737.200) on layer: M5
Net VDD: dangling Wire at (130.000, 733.600) (130.000, 733.600) on layer: M5
Net VDD: dangling Wire at (130.000, 730.000) (130.000, 730.000) on layer: M5
Net VDD: dangling Wire at (130.000, 726.400) (130.000, 726.400) on layer: M5
Net VDD: dangling Wire at (130.000, 758.800) (130.000, 758.800) on layer: M5
Net VDD: dangling Wire at (130.000, 755.200) (130.000, 755.200) on layer: M5
Net VDD: dangling Wire at (130.000, 751.600) (130.000, 751.600) on layer: M5
Net VDD: dangling Wire at (130.000, 661.600) (130.000, 661.600) on layer: M5
Net VDD: dangling Wire at (130.000, 665.200) (130.000, 665.200) on layer: M5
Net VDD: dangling Wire at (130.000, 697.600) (130.000, 697.600) on layer: M5
Net VDD: dangling Wire at (130.000, 701.200) (130.000, 701.200) on layer: M5
Net VDD: dangling Wire at (130.000, 704.800) (130.000, 704.800) on layer: M5
Net VDD: dangling Wire at (130.000, 708.400) (130.000, 708.400) on layer: M5
Net VDD: dangling Wire at (130.000, 668.800) (130.000, 668.800) on layer: M5
Net VDD: dangling Wire at (130.000, 672.400) (130.000, 672.400) on layer: M5
Net VDD: dangling Wire at (130.000, 676.000) (130.000, 676.000) on layer: M5
Net VDD: dangling Wire at (130.000, 679.600) (130.000, 679.600) on layer: M5
Net VDD: dangling Wire at (130.000, 683.200) (130.000, 683.200) on layer: M5
Net VDD: dangling Wire at (130.000, 686.800) (130.000, 686.800) on layer: M5
Net VDD: dangling Wire at (130.000, 690.400) (130.000, 690.400) on layer: M5
Net VDD: dangling Wire at (130.000, 694.000) (130.000, 694.000) on layer: M5
Net VDD: dangling Wire at (130.000, 647.200) (130.000, 647.200) on layer: M5
Net VDD: dangling Wire at (130.000, 650.800) (130.000, 650.800) on layer: M5
Net VDD: dangling Wire at (130.000, 654.400) (130.000, 654.400) on layer: M5
Net VDD: dangling Wire at (130.000, 614.800) (130.000, 614.800) on layer: M5
Net VDD: dangling Wire at (130.000, 618.400) (130.000, 618.400) on layer: M5
Net VDD: dangling Wire at (130.000, 622.000) (130.000, 622.000) on layer: M5
Net VDD: dangling Wire at (130.000, 625.600) (130.000, 625.600) on layer: M5
Net VDD: dangling Wire at (130.000, 629.200) (130.000, 629.200) on layer: M5
Net VDD: dangling Wire at (130.000, 632.800) (130.000, 632.800) on layer: M5
Net VDD: dangling Wire at (130.000, 636.400) (130.000, 636.400) on layer: M5
Net VDD: dangling Wire at (130.000, 611.200) (130.000, 611.200) on layer: M5
Net VDD: dangling Wire at (130.000, 643.600) (130.000, 643.600) on layer: M5
Net VDD: dangling Wire at (130.000, 640.000) (130.000, 640.000) on layer: M5
Net VDD: dangling Wire at (130.000, 658.000) (130.000, 658.000) on layer: M5
Net VDD: dangling Wire at (130.000, 600.400) (130.000, 600.400) on layer: M5
Net VDD: dangling Wire at (130.000, 604.000) (130.000, 604.000) on layer: M5
Net VDD: dangling Wire at (130.000, 506.800) (130.000, 506.800) on layer: M5
Net VDD: dangling Wire at (130.000, 510.400) (130.000, 510.400) on layer: M5
Net VDD: dangling Wire at (130.000, 514.000) (130.000, 514.000) on layer: M5
Net VDD: dangling Wire at (130.000, 517.600) (130.000, 517.600) on layer: M5
Net VDD: dangling Wire at (130.000, 503.200) (130.000, 503.200) on layer: M5
Net VDD: dangling Wire at (130.000, 499.600) (130.000, 499.600) on layer: M5
Net VDD: dangling Wire at (130.000, 496.000) (130.000, 496.000) on layer: M5
Net VDD: dangling Wire at (130.000, 463.600) (130.000, 463.600) on layer: M5
Net VDD: dangling Wire at (130.000, 460.000) (130.000, 460.000) on layer: M5
Net VDD: dangling Wire at (130.000, 456.400) (130.000, 456.400) on layer: M5
Net VDD: dangling Wire at (130.000, 492.400) (130.000, 492.400) on layer: M5
Net VDD: dangling Wire at (130.000, 488.800) (130.000, 488.800) on layer: M5
Net VDD: dangling Wire at (130.000, 485.200) (130.000, 485.200) on layer: M5
Net VDD: dangling Wire at (130.000, 481.600) (130.000, 481.600) on layer: M5
Net VDD: dangling Wire at (130.000, 478.000) (130.000, 478.000) on layer: M5
Net VDD: dangling Wire at (130.000, 474.400) (130.000, 474.400) on layer: M5
Net VDD: dangling Wire at (130.000, 470.800) (130.000, 470.800) on layer: M5
Net VDD: dangling Wire at (130.000, 467.200) (130.000, 467.200) on layer: M5
Net VDD: dangling Wire at (130.000, 442.000) (130.000, 442.000) on layer: M5
Net VDD: dangling Wire at (130.000, 445.600) (130.000, 445.600) on layer: M5
Net VDD: dangling Wire at (130.000, 406.000) (130.000, 406.000) on layer: M5
Net VDD: dangling Wire at (130.000, 434.800) (130.000, 434.800) on layer: M5
Net VDD: dangling Wire at (130.000, 431.200) (130.000, 431.200) on layer: M5
Net VDD: dangling Wire at (130.000, 427.600) (130.000, 427.600) on layer: M5
Net VDD: dangling Wire at (130.000, 424.000) (130.000, 424.000) on layer: M5
Net VDD: dangling Wire at (130.000, 420.400) (130.000, 420.400) on layer: M5
Net VDD: dangling Wire at (130.000, 416.800) (130.000, 416.800) on layer: M5
Net VDD: dangling Wire at (130.000, 413.200) (130.000, 413.200) on layer: M5
Net VDD: dangling Wire at (130.000, 409.600) (130.000, 409.600) on layer: M5
Net VDD: dangling Wire at (130.000, 452.800) (130.000, 452.800) on layer: M5
Net VDD: dangling Wire at (130.000, 449.200) (130.000, 449.200) on layer: M5
Net VDD: dangling Wire at (130.000, 438.400) (130.000, 438.400) on layer: M5
Net VDD: dangling Wire at (130.000, 607.600) (130.000, 607.600) on layer: M5
Net VDD: dangling Wire at (130.000, 402.400) (130.000, 402.400) on layer: M5
Net VDD: dangling Wire at (130.000, 398.800) (130.000, 398.800) on layer: M5
Net VDD: dangling Wire at (130.000, 395.200) (130.000, 395.200) on layer: M5
Net VDD: dangling Wire at (130.000, 391.600) (130.000, 391.600) on layer: M5
Net VDD: dangling Wire at (130.000, 388.000) (130.000, 388.000) on layer: M5
Net VDD: dangling Wire at (130.000, 384.400) (130.000, 384.400) on layer: M5
Net VDD: dangling Wire at (130.000, 380.800) (130.000, 380.800) on layer: M5
Net VDD: dangling Wire at (130.000, 377.200) (130.000, 377.200) on layer: M5
Net VDD: dangling Wire at (130.000, 373.600) (130.000, 373.600) on layer: M5
Net VDD: dangling Wire at (130.000, 370.000) (130.000, 370.000) on layer: M5
Net VDD: dangling Wire at (130.000, 366.400) (130.000, 366.400) on layer: M5
Net VDD: dangling Wire at (130.000, 362.800) (130.000, 362.800) on layer: M5
Net VDD: dangling Wire at (130.000, 359.200) (130.000, 359.200) on layer: M5
Net VDD: dangling Wire at (130.000, 355.600) (130.000, 355.600) on layer: M5
Net VDD: dangling Wire at (130.000, 348.400) (130.000, 348.400) on layer: M5
Net VDD: dangling Wire at (130.000, 344.800) (130.000, 344.800) on layer: M5
Net VDD: dangling Wire at (130.000, 341.200) (130.000, 341.200) on layer: M5
Net VDD: dangling Wire at (130.000, 337.600) (130.000, 337.600) on layer: M5
Net VDD: dangling Wire at (130.000, 334.000) (130.000, 334.000) on layer: M5
Net VDD: dangling Wire at (130.000, 330.400) (130.000, 330.400) on layer: M5
Net VDD: dangling Wire at (130.000, 326.800) (130.000, 326.800) on layer: M5
Net VDD: dangling Wire at (130.000, 323.200) (130.000, 323.200) on layer: M5
Net VDD: dangling Wire at (130.000, 352.000) (130.000, 352.000) on layer: M5
Net VDD: dangling Wire at (130.000, 319.600) (130.000, 319.600) on layer: M5
Net VDD: dangling Wire at (130.000, 316.000) (130.000, 316.000) on layer: M5
Net VDD: dangling Wire at (130.000, 312.400) (130.000, 312.400) on layer: M5
Net VDD: dangling Wire at (130.000, 308.800) (130.000, 308.800) on layer: M5
Net VDD: dangling Wire at (130.000, 305.200) (130.000, 305.200) on layer: M5
Net VDD: dangling Wire at (130.000, 272.800) (130.000, 272.800) on layer: M5
Net VDD: dangling Wire at (130.000, 276.400) (130.000, 276.400) on layer: M5
Net VDD: dangling Wire at (130.000, 280.000) (130.000, 280.000) on layer: M5
Net VDD: dangling Wire at (130.000, 283.600) (130.000, 283.600) on layer: M5
Net VDD: dangling Wire at (130.000, 287.200) (130.000, 287.200) on layer: M5
Net VDD: dangling Wire at (130.000, 290.800) (130.000, 290.800) on layer: M5
Net VDD: dangling Wire at (130.000, 269.200) (130.000, 269.200) on layer: M5
Net VDD: dangling Wire at (130.000, 265.600) (130.000, 265.600) on layer: M5
Net VDD: dangling Wire at (130.000, 301.600) (130.000, 301.600) on layer: M5
Net VDD: dangling Wire at (130.000, 298.000) (130.000, 298.000) on layer: M5
Net VDD: dangling Wire at (130.000, 294.400) (130.000, 294.400) on layer: M5
Net VDD: dangling Wire at (130.000, 262.000) (130.000, 262.000) on layer: M5
Net VDD: dangling Wire at (130.000, 258.400) (130.000, 258.400) on layer: M5
Net VDD: dangling Wire at (130.000, 254.800) (130.000, 254.800) on layer: M5
Net VDD: dangling Wire at (130.000, 204.400) (130.000, 204.400) on layer: M5
Net VDD: dangling Wire at (130.000, 233.200) (130.000, 233.200) on layer: M5
Net VDD: dangling Wire at (130.000, 229.600) (130.000, 229.600) on layer: M5
Net VDD: dangling Wire at (130.000, 226.000) (130.000, 226.000) on layer: M5
Net VDD: dangling Wire at (130.000, 222.400) (130.000, 222.400) on layer: M5
Net VDD: dangling Wire at (130.000, 218.800) (130.000, 218.800) on layer: M5
Net VDD: dangling Wire at (130.000, 215.200) (130.000, 215.200) on layer: M5
Net VDD: dangling Wire at (130.000, 211.600) (130.000, 211.600) on layer: M5
Net VDD: dangling Wire at (130.000, 208.000) (130.000, 208.000) on layer: M5
Net VDD: dangling Wire at (130.000, 251.200) (130.000, 251.200) on layer: M5
Net VDD: dangling Wire at (130.000, 247.600) (130.000, 247.600) on layer: M5
Net VDD: dangling Wire at (130.000, 244.000) (130.000, 244.000) on layer: M5
Net VDD: dangling Wire at (130.000, 240.400) (130.000, 240.400) on layer: M5
Net VDD: dangling Wire at (130.000, 236.800) (130.000, 236.800) on layer: M5
Net VDD: dangling Wire at (130.000, 179.200) (130.000, 179.200) on layer: M5
Net VDD: dangling Wire at (130.000, 182.800) (130.000, 182.800) on layer: M5
Net VDD: dangling Wire at (130.000, 186.400) (130.000, 186.400) on layer: M5
Net VDD: dangling Wire at (130.000, 190.000) (130.000, 190.000) on layer: M5
Net VDD: dangling Wire at (130.000, 193.600) (130.000, 193.600) on layer: M5
Net VDD: dangling Wire at (130.000, 197.200) (130.000, 197.200) on layer: M5
Net VDD: dangling Wire at (130.000, 200.800) (130.000, 200.800) on layer: M5
Net VDD: dangling Wire at (130.000, 175.600) (130.000, 175.600) on layer: M5
Net VDD: dangling Wire at (130.000, 172.000) (130.000, 172.000) on layer: M5
Net VDD: dangling Wire at (130.000, 168.400) (130.000, 168.400) on layer: M5
Net VDD: dangling Wire at (130.000, 164.800) (130.000, 164.800) on layer: M5
Net VDD: dangling Wire at (130.000, 161.200) (130.000, 161.200) on layer: M5
Net VDD: dangling Wire at (130.000, 157.600) (130.000, 157.600) on layer: M5
Net VDD: dangling Wire at (130.000, 154.000) (130.000, 154.000) on layer: M5
Net VDD: dangling Wire at (130.000, 125.200) (130.000, 125.200) on layer: M5
Net VDD: dangling Wire at (130.000, 128.800) (130.000, 128.800) on layer: M5
Net VDD: dangling Wire at (130.000, 132.400) (130.000, 132.400) on layer: M5
Net VDD: dangling Wire at (130.000, 136.000) (130.000, 136.000) on layer: M5
Net VDD: dangling Wire at (130.000, 139.600) (130.000, 139.600) on layer: M5
Net VDD: dangling Wire at (130.000, 143.200) (130.000, 143.200) on layer: M5
Net VDD: dangling Wire at (130.000, 146.800) (130.000, 146.800) on layer: M5
Net VDD: dangling Wire at (130.000, 114.400) (130.000, 114.400) on layer: M5
Net VDD: dangling Wire at (130.000, 110.800) (130.000, 110.800) on layer: M5
Net VDD: dangling Wire at (130.000, 118.000) (130.000, 118.000) on layer: M5
Net VDD: dangling Wire at (130.000, 103.600) (130.000, 103.600) on layer: M5
Net VDD: dangling Wire at (130.000, 107.200) (130.000, 107.200) on layer: M5
Net VDD: dangling Wire at (130.000, 150.400) (130.000, 150.400) on layer: M5
Net VDD: dangling Wire at (130.000, 121.600) (130.000, 121.600) on layer: M5
Net VDD: dangling Wire at (130.000, 100.000) (130.000, 100.000) on layer: M5
Net VSS: dangling Wire at (1010.000, 1160.200) (1010.000, 1160.200) on layer: M1
Net VSS: dangling Wire at (1010.000, 1016.200) (1010.000, 1016.200) on layer: M1
Net VSS: dangling Wire at (1010.000, 987.400) (1010.000, 987.400) on layer: M1
Net VSS: dangling Wire at (1010.000, 145.000) (1010.000, 145.000) on layer: M1
Net VSS: dangling Wire at (1010.000, 116.200) (1010.000, 116.200) on layer: M1
Net VSS: dangling Wire at (1010.000, 91.000) (1010.000, 91.000) on layer: M1
Net VSS: dangling Wire at (1010.000, 94.600) (1010.000, 94.600) on layer: M1
Net VSS: dangling Wire at (1010.000, 83.800) (1010.000, 83.800) on layer: M1
Net VSS: dangling Wire at (1010.000, 76.600) (1010.000, 76.600) on layer: M1
Net VSS: dangling Wire at (1010.000, 58.600) (1010.000, 58.600) on layer: M1
Net VSS: dangling Wire at (11.000, 10.000) (11.000, 10.000) on layer: M4
Net VSS: dangling Wire at (11.000, 1610.000) (11.000, 1610.000) on layer: M4
Net VSS: dangling Wire at (121.000, 10.000) (121.000, 10.000) on layer: M4
Net VSS: dangling Wire at (121.000, 1610.000) (121.000, 1610.000) on layer: M4
Net VSS: dangling Wire at (231.000, 10.000) (231.000, 10.000) on layer: M4
Net VSS: dangling Wire at (231.000, 1610.000) (231.000, 1610.000) on layer: M4
Net VSS: dangling Wire at (341.000, 10.000) (341.000, 10.000) on layer: M4
Net VSS: dangling Wire at (341.000, 1610.000) (341.000, 1610.000) on layer: M4
Net VSS: dangling Wire at (451.000, 10.000) (451.000, 10.000) on layer: M4
Net VSS: dangling Wire at (451.000, 1610.000) (451.000, 1610.000) on layer: M4
Net VSS: dangling Wire at (561.000, 10.000) (561.000, 10.000) on layer: M4
Net VSS: dangling Wire at (561.000, 1610.000) (561.000, 1610.000) on layer: M4
Net VSS: dangling Wire at (671.000, 10.000) (671.000, 10.000) on layer: M4
Net VSS: dangling Wire at (671.000, 1610.000) (671.000, 1610.000) on layer: M4
Net VSS: dangling Wire at (781.000, 10.000) (781.000, 10.000) on layer: M4
Net VSS: dangling Wire at (781.000, 1610.000) (781.000, 1610.000) on layer: M4
Net VSS: dangling Wire at (891.000, 10.000) (891.000, 10.000) on layer: M4
Net VSS: dangling Wire at (891.000, 1610.000) (891.000, 1610.000) on layer: M4
Net VSS: dangling Wire at (1001.000, 10.000) (1001.000, 10.000) on layer: M4
Net VSS: dangling Wire at (1001.000, 1610.000) (1001.000, 1610.000) on layer: M4
Net VSS: dangling Wire at (890.000, 1520.200) (890.000, 1520.200) on layer: M5
Net VSS: dangling Wire at (890.000, 1495.000) (890.000, 1495.000) on layer: M5
Net VSS: dangling Wire at (890.000, 1498.600) (890.000, 1498.600) on layer: M5
Net VSS: dangling Wire at (890.000, 1502.200) (890.000, 1502.200) on layer: M5
Net VSS: dangling Wire at (890.000, 1505.800) (890.000, 1505.800) on layer: M5
Net VSS: dangling Wire at (890.000, 1509.400) (890.000, 1509.400) on layer: M5
Net VSS: dangling Wire at (890.000, 1513.000) (890.000, 1513.000) on layer: M5
Net VSS: dangling Wire at (890.000, 1516.600) (890.000, 1516.600) on layer: M5
Net VSS: dangling Wire at (890.000, 1469.800) (890.000, 1469.800) on layer: M5
Net VSS: dangling Wire at (890.000, 1473.400) (890.000, 1473.400) on layer: M5
Net VSS: dangling Wire at (890.000, 1477.000) (890.000, 1477.000) on layer: M5
Net VSS: dangling Wire at (890.000, 1480.600) (890.000, 1480.600) on layer: M5
Net VSS: dangling Wire at (890.000, 1484.200) (890.000, 1484.200) on layer: M5
Net VSS: dangling Wire at (890.000, 1491.400) (890.000, 1491.400) on layer: M5
Net VSS: dangling Wire at (890.000, 1487.800) (890.000, 1487.800) on layer: M5
Net VSS: dangling Wire at (890.000, 1419.400) (890.000, 1419.400) on layer: M5
Net VSS: dangling Wire at (890.000, 1423.000) (890.000, 1423.000) on layer: M5
Net VSS: dangling Wire at (890.000, 1426.600) (890.000, 1426.600) on layer: M5
Net VSS: dangling Wire at (890.000, 1430.200) (890.000, 1430.200) on layer: M5
Net VSS: dangling Wire at (890.000, 1433.800) (890.000, 1433.800) on layer: M5
Net VSS: dangling Wire at (890.000, 1437.400) (890.000, 1437.400) on layer: M5
Net VSS: dangling Wire at (890.000, 1441.000) (890.000, 1441.000) on layer: M5
Net VSS: dangling Wire at (890.000, 1444.600) (890.000, 1444.600) on layer: M5
Net VSS: dangling Wire at (890.000, 1448.200) (890.000, 1448.200) on layer: M5
Net VSS: dangling Wire at (890.000, 1451.800) (890.000, 1451.800) on layer: M5
Net VSS: dangling Wire at (890.000, 1455.400) (890.000, 1455.400) on layer: M5
Net VSS: dangling Wire at (890.000, 1459.000) (890.000, 1459.000) on layer: M5
Net VSS: dangling Wire at (890.000, 1462.600) (890.000, 1462.600) on layer: M5
Net VSS: dangling Wire at (890.000, 1466.200) (890.000, 1466.200) on layer: M5
Net VSS: dangling Wire at (890.000, 1369.000) (890.000, 1369.000) on layer: M5
Net VSS: dangling Wire at (890.000, 1372.600) (890.000, 1372.600) on layer: M5
Net VSS: dangling Wire at (890.000, 1376.200) (890.000, 1376.200) on layer: M5
Net VSS: dangling Wire at (890.000, 1379.800) (890.000, 1379.800) on layer: M5
Net VSS: dangling Wire at (890.000, 1383.400) (890.000, 1383.400) on layer: M5
Net VSS: dangling Wire at (890.000, 1387.000) (890.000, 1387.000) on layer: M5
Net VSS: dangling Wire at (890.000, 1390.600) (890.000, 1390.600) on layer: M5
Net VSS: dangling Wire at (890.000, 1394.200) (890.000, 1394.200) on layer: M5
Net VSS: dangling Wire at (890.000, 1397.800) (890.000, 1397.800) on layer: M5
Net VSS: dangling Wire at (890.000, 1401.400) (890.000, 1401.400) on layer: M5
Net VSS: dangling Wire at (890.000, 1405.000) (890.000, 1405.000) on layer: M5
Net VSS: dangling Wire at (890.000, 1408.600) (890.000, 1408.600) on layer: M5
Net VSS: dangling Wire at (890.000, 1415.800) (890.000, 1415.800) on layer: M5
Net VSS: dangling Wire at (890.000, 1412.200) (890.000, 1412.200) on layer: M5
Net VSS: dangling Wire at (890.000, 1318.600) (890.000, 1318.600) on layer: M5
Net VSS: dangling Wire at (890.000, 1322.200) (890.000, 1322.200) on layer: M5
Net VSS: dangling Wire at (890.000, 1325.800) (890.000, 1325.800) on layer: M5
Net VSS: dangling Wire at (890.000, 1329.400) (890.000, 1329.400) on layer: M5
Net VSS: dangling Wire at (890.000, 1333.000) (890.000, 1333.000) on layer: M5
Net VSS: dangling Wire at (890.000, 1336.600) (890.000, 1336.600) on layer: M5
Net VSS: dangling Wire at (890.000, 1340.200) (890.000, 1340.200) on layer: M5
Net VSS: dangling Wire at (890.000, 1343.800) (890.000, 1343.800) on layer: M5
Net VSS: dangling Wire at (890.000, 1347.400) (890.000, 1347.400) on layer: M5
Net VSS: dangling Wire at (890.000, 1351.000) (890.000, 1351.000) on layer: M5
Net VSS: dangling Wire at (890.000, 1354.600) (890.000, 1354.600) on layer: M5
Net VSS: dangling Wire at (890.000, 1358.200) (890.000, 1358.200) on layer: M5
Net VSS: dangling Wire at (890.000, 1361.800) (890.000, 1361.800) on layer: M5
Net VSS: dangling Wire at (890.000, 1365.400) (890.000, 1365.400) on layer: M5
Net VSS: dangling Wire at (890.000, 1268.200) (890.000, 1268.200) on layer: M5
Net VSS: dangling Wire at (890.000, 1271.800) (890.000, 1271.800) on layer: M5
Net VSS: dangling Wire at (890.000, 1275.400) (890.000, 1275.400) on layer: M5
Net VSS: dangling Wire at (890.000, 1279.000) (890.000, 1279.000) on layer: M5
Net VSS: dangling Wire at (890.000, 1282.600) (890.000, 1282.600) on layer: M5
Net VSS: dangling Wire at (890.000, 1286.200) (890.000, 1286.200) on layer: M5
Net VSS: dangling Wire at (890.000, 1289.800) (890.000, 1289.800) on layer: M5
Net VSS: dangling Wire at (890.000, 1293.400) (890.000, 1293.400) on layer: M5
Net VSS: dangling Wire at (890.000, 1297.000) (890.000, 1297.000) on layer: M5
Net VSS: dangling Wire at (890.000, 1300.600) (890.000, 1300.600) on layer: M5
Net VSS: dangling Wire at (890.000, 1304.200) (890.000, 1304.200) on layer: M5
Net VSS: dangling Wire at (890.000, 1307.800) (890.000, 1307.800) on layer: M5
Net VSS: dangling Wire at (890.000, 1315.000) (890.000, 1315.000) on layer: M5
Net VSS: dangling Wire at (890.000, 1311.400) (890.000, 1311.400) on layer: M5
Net VSS: dangling Wire at (890.000, 1217.800) (890.000, 1217.800) on layer: M5
Net VSS: dangling Wire at (890.000, 1221.400) (890.000, 1221.400) on layer: M5
Net VSS: dangling Wire at (890.000, 1225.000) (890.000, 1225.000) on layer: M5
Net VSS: dangling Wire at (890.000, 1228.600) (890.000, 1228.600) on layer: M5
Net VSS: dangling Wire at (890.000, 1232.200) (890.000, 1232.200) on layer: M5
Net VSS: dangling Wire at (890.000, 1235.800) (890.000, 1235.800) on layer: M5
Net VSS: dangling Wire at (890.000, 1239.400) (890.000, 1239.400) on layer: M5
Net VSS: dangling Wire at (890.000, 1243.000) (890.000, 1243.000) on layer: M5
Net VSS: dangling Wire at (890.000, 1246.600) (890.000, 1246.600) on layer: M5
Net VSS: dangling Wire at (890.000, 1250.200) (890.000, 1250.200) on layer: M5
Net VSS: dangling Wire at (890.000, 1253.800) (890.000, 1253.800) on layer: M5
Net VSS: dangling Wire at (890.000, 1257.400) (890.000, 1257.400) on layer: M5
Net VSS: dangling Wire at (890.000, 1261.000) (890.000, 1261.000) on layer: M5
Net VSS: dangling Wire at (890.000, 1264.600) (890.000, 1264.600) on layer: M5
Net VSS: dangling Wire at (890.000, 1167.400) (890.000, 1167.400) on layer: M5
Net VSS: dangling Wire at (890.000, 1171.000) (890.000, 1171.000) on layer: M5
Net VSS: dangling Wire at (890.000, 1174.600) (890.000, 1174.600) on layer: M5
Net VSS: dangling Wire at (890.000, 1178.200) (890.000, 1178.200) on layer: M5
Net VSS: dangling Wire at (890.000, 1181.800) (890.000, 1181.800) on layer: M5
Net VSS: dangling Wire at (890.000, 1185.400) (890.000, 1185.400) on layer: M5
Net VSS: dangling Wire at (890.000, 1189.000) (890.000, 1189.000) on layer: M5
Net VSS: dangling Wire at (890.000, 1192.600) (890.000, 1192.600) on layer: M5
Net VSS: dangling Wire at (890.000, 1196.200) (890.000, 1196.200) on layer: M5
Net VSS: dangling Wire at (890.000, 1199.800) (890.000, 1199.800) on layer: M5
Net VSS: dangling Wire at (890.000, 1203.400) (890.000, 1203.400) on layer: M5
Net VSS: dangling Wire at (890.000, 1207.000) (890.000, 1207.000) on layer: M5
Net VSS: dangling Wire at (890.000, 1214.200) (890.000, 1214.200) on layer: M5
Net VSS: dangling Wire at (890.000, 1210.600) (890.000, 1210.600) on layer: M5
Net VSS: dangling Wire at (890.000, 1117.000) (890.000, 1117.000) on layer: M5
Net VSS: dangling Wire at (890.000, 1120.600) (890.000, 1120.600) on layer: M5
Net VSS: dangling Wire at (890.000, 1124.200) (890.000, 1124.200) on layer: M5
Net VSS: dangling Wire at (890.000, 1127.800) (890.000, 1127.800) on layer: M5
Net VSS: dangling Wire at (890.000, 1131.400) (890.000, 1131.400) on layer: M5
Net VSS: dangling Wire at (890.000, 1135.000) (890.000, 1135.000) on layer: M5
Net VSS: dangling Wire at (890.000, 1138.600) (890.000, 1138.600) on layer: M5
Net VSS: dangling Wire at (890.000, 1142.200) (890.000, 1142.200) on layer: M5
Net VSS: dangling Wire at (890.000, 1145.800) (890.000, 1145.800) on layer: M5
Net VSS: dangling Wire at (890.000, 1149.400) (890.000, 1149.400) on layer: M5
Net VSS: dangling Wire at (890.000, 1153.000) (890.000, 1153.000) on layer: M5
Net VSS: dangling Wire at (890.000, 1156.600) (890.000, 1156.600) on layer: M5
Net VSS: dangling Wire at (890.000, 1160.200) (890.000, 1160.200) on layer: M5
Net VSS: dangling Wire at (890.000, 1163.800) (890.000, 1163.800) on layer: M5
Net VSS: dangling Wire at (890.000, 1102.600) (890.000, 1102.600) on layer: M5
Net VSS: dangling Wire at (890.000, 1106.200) (890.000, 1106.200) on layer: M5
Net VSS: dangling Wire at (890.000, 1109.800) (890.000, 1109.800) on layer: M5
Net VSS: dangling Wire at (890.000, 1113.400) (890.000, 1113.400) on layer: M5
Net VSS: dangling Wire at (890.000, 1016.200) (890.000, 1016.200) on layer: M5
Net VSS: dangling Wire at (890.000, 1019.800) (890.000, 1019.800) on layer: M5
Net VSS: dangling Wire at (890.000, 962.200) (890.000, 962.200) on layer: M5
Net VSS: dangling Wire at (890.000, 965.800) (890.000, 965.800) on layer: M5
Net VSS: dangling Wire at (890.000, 969.400) (890.000, 969.400) on layer: M5
Net VSS: dangling Wire at (890.000, 973.000) (890.000, 973.000) on layer: M5
Net VSS: dangling Wire at (890.000, 976.600) (890.000, 976.600) on layer: M5
Net VSS: dangling Wire at (890.000, 980.200) (890.000, 980.200) on layer: M5
Net VSS: dangling Wire at (890.000, 983.800) (890.000, 983.800) on layer: M5
Net VSS: dangling Wire at (890.000, 987.400) (890.000, 987.400) on layer: M5
Net VSS: dangling Wire at (890.000, 991.000) (890.000, 991.000) on layer: M5
Net VSS: dangling Wire at (890.000, 994.600) (890.000, 994.600) on layer: M5
Net VSS: dangling Wire at (890.000, 998.200) (890.000, 998.200) on layer: M5
Net VSS: dangling Wire at (890.000, 1001.800) (890.000, 1001.800) on layer: M5
Net VSS: dangling Wire at (890.000, 1009.000) (890.000, 1009.000) on layer: M5
Net VSS: dangling Wire at (890.000, 1005.400) (890.000, 1005.400) on layer: M5
Net VSS: dangling Wire at (890.000, 911.800) (890.000, 911.800) on layer: M5
Net VSS: dangling Wire at (890.000, 915.400) (890.000, 915.400) on layer: M5
Net VSS: dangling Wire at (890.000, 919.000) (890.000, 919.000) on layer: M5
Net VSS: dangling Wire at (890.000, 922.600) (890.000, 922.600) on layer: M5
Net VSS: dangling Wire at (890.000, 926.200) (890.000, 926.200) on layer: M5
Net VSS: dangling Wire at (890.000, 929.800) (890.000, 929.800) on layer: M5
Net VSS: dangling Wire at (890.000, 933.400) (890.000, 933.400) on layer: M5
Net VSS: dangling Wire at (890.000, 937.000) (890.000, 937.000) on layer: M5
Net VSS: dangling Wire at (890.000, 940.600) (890.000, 940.600) on layer: M5
Net VSS: dangling Wire at (890.000, 944.200) (890.000, 944.200) on layer: M5
Net VSS: dangling Wire at (890.000, 947.800) (890.000, 947.800) on layer: M5
Net VSS: dangling Wire at (890.000, 951.400) (890.000, 951.400) on layer: M5
Net VSS: dangling Wire at (890.000, 955.000) (890.000, 955.000) on layer: M5
Net VSS: dangling Wire at (890.000, 958.600) (890.000, 958.600) on layer: M5
Net VSS: dangling Wire at (890.000, 861.400) (890.000, 861.400) on layer: M5
Net VSS: dangling Wire at (890.000, 865.000) (890.000, 865.000) on layer: M5
Net VSS: dangling Wire at (890.000, 868.600) (890.000, 868.600) on layer: M5
Net VSS: dangling Wire at (890.000, 872.200) (890.000, 872.200) on layer: M5
Net VSS: dangling Wire at (890.000, 875.800) (890.000, 875.800) on layer: M5
Net VSS: dangling Wire at (890.000, 879.400) (890.000, 879.400) on layer: M5
Net VSS: dangling Wire at (890.000, 883.000) (890.000, 883.000) on layer: M5
Net VSS: dangling Wire at (890.000, 886.600) (890.000, 886.600) on layer: M5
Net VSS: dangling Wire at (890.000, 890.200) (890.000, 890.200) on layer: M5
Net VSS: dangling Wire at (890.000, 893.800) (890.000, 893.800) on layer: M5
Net VSS: dangling Wire at (890.000, 897.400) (890.000, 897.400) on layer: M5
Net VSS: dangling Wire at (890.000, 901.000) (890.000, 901.000) on layer: M5
Net VSS: dangling Wire at (890.000, 908.200) (890.000, 908.200) on layer: M5
Net VSS: dangling Wire at (890.000, 904.600) (890.000, 904.600) on layer: M5
Net VSS: dangling Wire at (890.000, 811.000) (890.000, 811.000) on layer: M5
Net VSS: dangling Wire at (890.000, 814.600) (890.000, 814.600) on layer: M5
Net VSS: dangling Wire at (890.000, 818.200) (890.000, 818.200) on layer: M5
Net VSS: dangling Wire at (890.000, 821.800) (890.000, 821.800) on layer: M5
Net VSS: dangling Wire at (890.000, 825.400) (890.000, 825.400) on layer: M5
Net VSS: dangling Wire at (890.000, 829.000) (890.000, 829.000) on layer: M5
Net VSS: dangling Wire at (890.000, 832.600) (890.000, 832.600) on layer: M5
Net VSS: dangling Wire at (890.000, 836.200) (890.000, 836.200) on layer: M5
Net VSS: dangling Wire at (890.000, 839.800) (890.000, 839.800) on layer: M5
Net VSS: dangling Wire at (890.000, 843.400) (890.000, 843.400) on layer: M5
Net VSS: dangling Wire at (890.000, 847.000) (890.000, 847.000) on layer: M5
Net VSS: dangling Wire at (890.000, 850.600) (890.000, 850.600) on layer: M5
Net VSS: dangling Wire at (890.000, 854.200) (890.000, 854.200) on layer: M5
Net VSS: dangling Wire at (890.000, 857.800) (890.000, 857.800) on layer: M5
Net VSS: dangling Wire at (890.000, 1012.600) (890.000, 1012.600) on layer: M5
Net VSS: dangling Wire at (122.000, 1520.200) (122.000, 1520.200) on layer: M5
Net VSS: dangling Wire at (122.000, 1469.800) (122.000, 1469.800) on layer: M5
Net VSS: dangling Wire at (122.000, 1513.000) (122.000, 1513.000) on layer: M5
Net VSS: dangling Wire at (122.000, 1509.400) (122.000, 1509.400) on layer: M5
Net VSS: dangling Wire at (122.000, 1505.800) (122.000, 1505.800) on layer: M5
Net VSS: dangling Wire at (122.000, 1502.200) (122.000, 1502.200) on layer: M5
Net VSS: dangling Wire at (122.000, 1516.600) (122.000, 1516.600) on layer: M5
Net VSS: dangling Wire at (122.000, 1484.200) (122.000, 1484.200) on layer: M5
Net VSS: dangling Wire at (122.000, 1480.600) (122.000, 1480.600) on layer: M5
Net VSS: dangling Wire at (122.000, 1477.000) (122.000, 1477.000) on layer: M5
Net VSS: dangling Wire at (122.000, 1473.400) (122.000, 1473.400) on layer: M5
Net VSS: dangling Wire at (122.000, 1498.600) (122.000, 1498.600) on layer: M5
Net VSS: dangling Wire at (122.000, 1495.000) (122.000, 1495.000) on layer: M5
Net VSS: dangling Wire at (122.000, 1487.800) (122.000, 1487.800) on layer: M5
Net VSS: dangling Wire at (122.000, 1491.400) (122.000, 1491.400) on layer: M5
Net VSS: dangling Wire at (122.000, 1455.400) (122.000, 1455.400) on layer: M5
Net VSS: dangling Wire at (122.000, 1451.800) (122.000, 1451.800) on layer: M5
Net VSS: dangling Wire at (122.000, 1448.200) (122.000, 1448.200) on layer: M5
Net VSS: dangling Wire at (122.000, 1444.600) (122.000, 1444.600) on layer: M5
Net VSS: dangling Wire at (122.000, 1466.200) (122.000, 1466.200) on layer: M5
Net VSS: dangling Wire at (122.000, 1462.600) (122.000, 1462.600) on layer: M5
Net VSS: dangling Wire at (122.000, 1459.000) (122.000, 1459.000) on layer: M5
Net VSS: dangling Wire at (122.000, 1426.600) (122.000, 1426.600) on layer: M5
Net VSS: dangling Wire at (122.000, 1423.000) (122.000, 1423.000) on layer: M5
Net VSS: dangling Wire at (122.000, 1419.400) (122.000, 1419.400) on layer: M5
Net VSS: dangling Wire at (122.000, 1441.000) (122.000, 1441.000) on layer: M5
Net VSS: dangling Wire at (122.000, 1437.400) (122.000, 1437.400) on layer: M5
Net VSS: dangling Wire at (122.000, 1433.800) (122.000, 1433.800) on layer: M5
Net VSS: dangling Wire at (122.000, 1430.200) (122.000, 1430.200) on layer: M5
Net VSS: dangling Wire at (122.000, 1415.800) (122.000, 1415.800) on layer: M5
Net VSS: dangling Wire at (122.000, 1397.800) (122.000, 1397.800) on layer: M5
Net VSS: dangling Wire at (122.000, 1394.200) (122.000, 1394.200) on layer: M5
Net VSS: dangling Wire at (122.000, 1390.600) (122.000, 1390.600) on layer: M5
Net VSS: dangling Wire at (122.000, 1387.000) (122.000, 1387.000) on layer: M5
Net VSS: dangling Wire at (122.000, 1412.200) (122.000, 1412.200) on layer: M5
Net VSS: dangling Wire at (122.000, 1408.600) (122.000, 1408.600) on layer: M5
Net VSS: dangling Wire at (122.000, 1405.000) (122.000, 1405.000) on layer: M5
Net VSS: dangling Wire at (122.000, 1401.400) (122.000, 1401.400) on layer: M5
Net VSS: dangling Wire at (122.000, 1369.000) (122.000, 1369.000) on layer: M5
Net VSS: dangling Wire at (122.000, 1383.400) (122.000, 1383.400) on layer: M5
Net VSS: dangling Wire at (122.000, 1379.800) (122.000, 1379.800) on layer: M5
Net VSS: dangling Wire at (122.000, 1372.600) (122.000, 1372.600) on layer: M5
Net VSS: dangling Wire at (122.000, 1376.200) (122.000, 1376.200) on layer: M5
Net VSS: dangling Wire at (122.000, 1340.200) (122.000, 1340.200) on layer: M5
Net VSS: dangling Wire at (122.000, 1336.600) (122.000, 1336.600) on layer: M5
Net VSS: dangling Wire at (122.000, 1333.000) (122.000, 1333.000) on layer: M5
Net VSS: dangling Wire at (122.000, 1329.400) (122.000, 1329.400) on layer: M5
Net VSS: dangling Wire at (122.000, 1354.600) (122.000, 1354.600) on layer: M5
Net VSS: dangling Wire at (122.000, 1351.000) (122.000, 1351.000) on layer: M5
Net VSS: dangling Wire at (122.000, 1347.400) (122.000, 1347.400) on layer: M5
Net VSS: dangling Wire at (122.000, 1343.800) (122.000, 1343.800) on layer: M5
Net VSS: dangling Wire at (122.000, 1325.800) (122.000, 1325.800) on layer: M5
Net VSS: dangling Wire at (122.000, 1322.200) (122.000, 1322.200) on layer: M5
Net VSS: dangling Wire at (122.000, 1318.600) (122.000, 1318.600) on layer: M5
Net VSS: dangling Wire at (122.000, 1365.400) (122.000, 1365.400) on layer: M5
Net VSS: dangling Wire at (122.000, 1361.800) (122.000, 1361.800) on layer: M5
Net VSS: dangling Wire at (122.000, 1358.200) (122.000, 1358.200) on layer: M5
Net VSS: dangling Wire at (122.000, 1282.600) (122.000, 1282.600) on layer: M5

Begin Summary
    1000 Problem(s) (IMPVFC-94): The net has dangling wire(s).
    1000 total info(s) created.
End Summary
