###############################################################
#  Generated by:      Cadence Innovus 15.23-s045_1
#  OS:                Linux x86_64(Host ID ieng6-ece-02.ucsd.edu)
#  Generated on:      Wed Mar 19 13:33:27 2025
#  Design:            core
#  Command:           verifyGeometry
###############################################################

SHORT: Special Wire of Net VDD & Blockage of Cell kmem_instance  ( M4 )
Bounds : ( 568.000, 1510.160 ) ( 570.000, 1520.000 )


SHORT: Special Wire of Net VDD & Blockage of Cell kmem_instance  ( M4 )
Bounds : ( 678.000, 1510.160 ) ( 680.000, 1520.000 )


SHORT: Regular Via of Net mac_array_instance/col_idx_7__mac_col_inst/mac_16in_instance/DP_OP_78J10_122_5511_n1875 & Blockage of Cell mac_array_instance/col_idx_7__mac_col_inst/mac_16in_instance/U354  ( M1 )
Bounds : ( 938.850, 1199.110 ) ( 938.950, 1199.290 )


SHORT: Regular Via of Net mac_array_instance/col_idx_6__mac_col_inst/mac_16in_instance/n256 & Blockage of Cell mac_array_instance/col_idx_6__mac_col_inst/mac_16in_instance/U1352  ( M1 )
Bounds : ( 812.010, 1085.100 ) ( 812.190, 1085.200 )


SHORT: Special Wire of Net VDD & Blockage of Cell kmem_instance  ( M4 )
Bounds : ( 568.000, 1100.000 ) ( 570.000, 1109.675 )


SHORT: Special Wire of Net VDD & Blockage of Cell kmem_instance  ( M4 )
Bounds : ( 678.000, 1100.000 ) ( 680.000, 1109.840 )


SHORT: Special Wire of Net VDD & Blockage of Cell qmem_instance  ( M4 )
Bounds : ( 568.000, 1010.160 ) ( 570.000, 1020.000 )


SHORT: Special Wire of Net VDD & Blockage of Cell qmem_instance  ( M4 )
Bounds : ( 678.000, 1010.160 ) ( 680.000, 1020.000 )


SHORT: Special Wire of Net VDD & Pin of Cell kmem_instance  ( M4 )
Bounds : ( 679.275, 1110.000 ) ( 680.000, 1510.000 )


SPACING: Special Wire of Net VDD & Blockage of Cell kmem_instance  ( M4 )
Bounds : ( 567.260, 1109.835 ) ( 567.420, 1510.000 )
Actual:     0.16     Min:     0.5     Type: ParallelRun


SPACING: Special Wire of Net VDD & Blockage of Cell kmem_instance  ( M4 )
Bounds : ( 680.000, 1109.840 ) ( 680.435, 1510.160 )
Actual:     0.435     Min:     0.5     Type: ParallelRun


SHORT: Special Wire of Net VSS & Blockage of Cell kmem_instance  ( M4 )
Bounds : ( 560.000, 1100.000 ) ( 562.000, 1520.000 )


SHORT: Special Wire of Net VSS & Blockage of Cell kmem_instance  ( M4 )
Bounds : ( 670.000, 1100.000 ) ( 672.000, 1520.000 )


SHORT: Special Wire of Net VDD & Blockage of Cell kmem_instance  ( M4 )
Bounds : ( 568.580, 1100.000 ) ( 570.000, 1520.000 )


SHORT: Special Wire of Net VDD & Blockage of Cell kmem_instance  ( M4 )
Bounds : ( 678.000, 1100.000 ) ( 679.115, 1520.000 )


SHORT: Special Wire of Net VSS & Blockage of Cell kmem_instance  ( M4 )
Bounds : ( 780.000, 1100.000 ) ( 782.000, 1520.000 )


SHORT: Special Wire of Net VDD & Blockage of Cell kmem_instance  ( M4 )
Bounds : ( 788.000, 1100.000 ) ( 790.000, 1520.000 )


SHORT: Special Wire of Net VSS & Blockage of Cell kmem_instance  ( M4 )
Bounds : ( 890.000, 1100.000 ) ( 892.000, 1520.000 )


SHORT: Special Wire of Net VDD & Blockage of Cell kmem_instance  ( M4 )
Bounds : ( 898.000, 1100.000 ) ( 900.000, 1520.000 )


SHORT: Special Wire of Net VSS & Blockage of Cell kmem_instance  ( M4 )
Bounds : ( 340.000, 1510.160 ) ( 342.000, 1520.000 )


SHORT: Special Wire of Net VSS & Blockage of Cell kmem_instance  ( M4 )
Bounds : ( 450.000, 1510.160 ) ( 452.000, 1520.000 )


SHORT: Regular Via of Net mac_array_instance/col_idx_1__mac_col_inst/mac_16in_instance/n72 & Blockage of Cell mac_array_instance/col_idx_1__mac_col_inst/mac_16in_instance/FE_RC_6907_0  ( M1 )
Bounds : ( 416.810, 1587.300 ) ( 416.990, 1587.400 )


SHORT: Regular Via of Net mac_array_instance/col_idx_1__mac_col_inst/mac_16in_instance/n312 & Blockage of Cell mac_array_instance/col_idx_1__mac_col_inst/mac_16in_instance/FE_RC_7033_0  ( M1 )
Bounds : ( 397.850, 1558.510 ) ( 397.950, 1558.690 )


SHORT: Regular Via of Net mac_array_instance/col_idx_2__mac_col_inst/mac_16in_instance/DP_OP_78J10_122_5511_n1093 & Blockage of Cell mac_array_instance/col_idx_2__mac_col_inst/mac_16in_instance/FE_RC_1065_0  ( M1 )
Bounds : ( 146.810, 1556.700 ) ( 146.990, 1556.800 )


SHORT: Regular Via of Net mac_array_instance/col_idx_1__mac_col_inst/mac_16in_instance/DP_OP_78J10_122_5511_n1757 & Blockage of Cell mac_array_instance/col_idx_1__mac_col_inst/mac_16in_instance/U509  ( M1 )
Bounds : ( 235.810, 1580.800 ) ( 235.990, 1580.900 )


SHORT: Regular Via of Net mac_array_instance/col_idx_1__mac_col_inst/mac_16in_instance/n939 & Blockage of Cell mac_array_instance/col_idx_1__mac_col_inst/mac_16in_instance/U1611  ( M1 )
Bounds : ( 290.810, 1540.650 ) ( 290.990, 1540.750 )


SHORT: Regular Via of Net mac_array_instance/col_idx_3__mac_col_inst/mac_16in_instance/DP_OP_78J10_122_5511_n2211 & Blockage of Cell mac_array_instance/col_idx_3__mac_col_inst/mac_16in_instance/FE_RC_6076_0  ( M1 )
Bounds : ( 74.810, 1387.500 ) ( 74.990, 1387.600 )


SHORT: Regular Wire of Net inst[15] & Special Via of Net VDD  ( M3 )
Bounds : ( 99.650, 1309.750 ) ( 99.715, 1309.765 )


SHORT: Regular Wire of Net inst[14] & Special Via of Net VDD  ( M3 )
Bounds : ( 99.650, 1305.835 ) ( 99.715, 1305.850 )


SHORT: Special Wire of Net VSS & Blockage of Cell kmem_instance  ( M4 )
Bounds : ( 340.000, 1100.000 ) ( 342.000, 1109.675 )


SHORT: Special Wire of Net VSS & Blockage of Cell kmem_instance  ( M4 )
Bounds : ( 450.000, 1100.000 ) ( 452.000, 1109.840 )


SHORT: Special Wire of Net VSS & Blockage of Cell qmem_instance  ( M4 )
Bounds : ( 340.000, 1010.160 ) ( 342.000, 1020.000 )


SHORT: Special Wire of Net VSS & Blockage of Cell qmem_instance  ( M4 )
Bounds : ( 450.000, 1010.160 ) ( 452.000, 1020.000 )


SHORT: Regular Via of Net mac_array_instance/col_idx_4__mac_col_inst/mac_16in_instance/DP_OP_78J10_122_5511_n1536 & Blockage of Cell mac_array_instance/col_idx_4__mac_col_inst/mac_16in_instance/U473  ( M1 )
Bounds : ( 38.850, 1137.710 ) ( 38.950, 1137.890 )


SHORT: Regular Via of Net mac_array_instance/col_idx_4__mac_col_inst/mac_16in_instance/n1014 & Blockage of Cell mac_array_instance/col_idx_4__mac_col_inst/mac_16in_instance/U1310  ( M1 )
Bounds : ( 56.810, 1155.475 ) ( 56.990, 1155.575 )


SPACING: Regular Wire of Net n_1_net_ & Blockage of Cell qmem_instance  ( M3 )
Bounds : ( 99.950, 821.350 ) ( 100.000, 821.650 )
Actual:     0.05     Min:     0.1     Type: ParallelRun


SHORT: Special Wire of Net VSS & Pin of Cell kmem_instance  ( M4 )
Bounds : ( 340.000, 1109.835 ) ( 340.710, 1510.000 )


SPACING: Special Wire of Net VSS & Blockage of Cell kmem_instance  ( M4 )
Bounds : ( 339.550, 1109.675 ) ( 340.000, 1510.160 )
Actual:     0.45     Min:     0.5     Type: ParallelRun


SPACING: Special Wire of Net VSS & Blockage of Cell kmem_instance  ( M4 )
Bounds : ( 452.565, 1110.000 ) ( 452.725, 1510.000 )
Actual:     0.16     Min:     0.5     Type: ParallelRun


SHORT: Special Wire of Net VSS & Blockage of Cell kmem_instance  ( M4 )
Bounds : ( 120.000, 1100.000 ) ( 122.000, 1520.000 )


SHORT: Special Wire of Net VDD & Blockage of Cell kmem_instance  ( M4 )
Bounds : ( 128.000, 1100.000 ) ( 130.000, 1520.000 )


SHORT: Special Wire of Net VSS & Blockage of Cell kmem_instance  ( M4 )
Bounds : ( 230.000, 1100.000 ) ( 232.000, 1520.000 )


SHORT: Special Wire of Net VSS & Blockage of Cell kmem_instance  ( M4 )
Bounds : ( 340.870, 1100.000 ) ( 342.000, 1520.000 )


SHORT: Special Wire of Net VDD & Blockage of Cell kmem_instance  ( M4 )
Bounds : ( 238.000, 1100.000 ) ( 240.000, 1520.000 )


SHORT: Special Wire of Net VSS & Blockage of Cell kmem_instance  ( M4 )
Bounds : ( 450.000, 1100.000 ) ( 451.405, 1520.000 )


SHORT: Special Wire of Net VDD & Blockage of Cell kmem_instance  ( M4 )
Bounds : ( 348.000, 1100.000 ) ( 350.000, 1520.000 )


SHORT: Special Wire of Net VDD & Blockage of Cell kmem_instance  ( M4 )
Bounds : ( 458.000, 1100.000 ) ( 460.000, 1520.000 )


SHORT: Regular Via of Net sfp_instance/fifo_inst_ext/fifo_mux_16_1a/mux_8_1a/out_sub0_3[18] & Blockage of Cell sfp_instance/fifo_inst_ext/fifo_mux_16_1a/mux_8_1a/fifo_mux_2_1d/U46  ( M1 )
Bounds : ( 884.810, 565.600 ) ( 884.990, 565.700 )


SHORT: Special Wire of Net VDD & Blockage of Cell psum_mem_instance  ( M4 )
Bounds : ( 568.000, 510.160 ) ( 570.000, 520.000 )


SHORT: Special Wire of Net VDD & Blockage of Cell psum_mem_instance  ( M4 )
Bounds : ( 678.000, 510.160 ) ( 680.000, 520.000 )


SHORT: Regular Via of Net sum_out[12] & Blockage of Cell FE_OFC2057_sum_out_12_  ( M1 )
Bounds : ( 640.210, 574.750 ) ( 640.590, 574.850 )


SHORT: Special Wire of Net VDD & Blockage of Cell qmem_instance  ( M4 )
Bounds : ( 568.000, 600.000 ) ( 570.000, 609.675 )


SHORT: Special Wire of Net VDD & Blockage of Cell qmem_instance  ( M4 )
Bounds : ( 678.000, 600.000 ) ( 680.000, 609.840 )


SHORT: Regular Via of Net sfp_instance/n11095 & Blockage of Cell sfp_instance/U12503  ( M1 )
Bounds : ( 712.610, 85.150 ) ( 712.990, 85.250 )


SHORT: Special Wire of Net VDD & Blockage of Cell psum_mem_instance  ( M4 )
Bounds : ( 568.000, 100.000 ) ( 570.000, 109.675 )


SHORT: Special Wire of Net VDD & Blockage of Cell psum_mem_instance  ( M4 )
Bounds : ( 678.000, 100.000 ) ( 680.000, 109.840 )


SHORT: Regular Via of Net sfp_instance/n26620 & Blockage of Cell sfp_instance/U15800  ( M1 )
Bounds : ( 704.010, 59.105 ) ( 704.190, 59.205 )


SHORT: Special Wire of Net VDD & Pin of Cell psum_mem_instance  ( M4 )
Bounds : ( 679.275, 110.000 ) ( 680.000, 510.000 )


SPACING: Special Wire of Net VDD & Blockage of Cell psum_mem_instance  ( M4 )
Bounds : ( 567.260, 109.835 ) ( 567.420, 510.000 )
Actual:     0.16     Min:     0.5     Type: ParallelRun


SPACING: Special Wire of Net VDD & Blockage of Cell psum_mem_instance  ( M4 )
Bounds : ( 680.000, 109.840 ) ( 680.435, 510.160 )
Actual:     0.435     Min:     0.5     Type: ParallelRun


SHORT: Special Wire of Net VSS & Blockage of Cell psum_mem_instance  ( M4 )
Bounds : ( 560.000, 100.000 ) ( 562.000, 520.000 )


SHORT: Special Wire of Net VSS & Blockage of Cell psum_mem_instance  ( M4 )
Bounds : ( 670.000, 100.000 ) ( 672.000, 520.000 )


SHORT: Special Wire of Net VDD & Blockage of Cell psum_mem_instance  ( M4 )
Bounds : ( 568.580, 100.000 ) ( 570.000, 520.000 )


SHORT: Special Wire of Net VDD & Blockage of Cell psum_mem_instance  ( M4 )
Bounds : ( 678.000, 100.000 ) ( 679.115, 520.000 )


SHORT: Special Wire of Net VSS & Blockage of Cell psum_mem_instance  ( M4 )
Bounds : ( 780.000, 100.000 ) ( 782.000, 520.000 )


SHORT: Special Wire of Net VDD & Blockage of Cell psum_mem_instance  ( M4 )
Bounds : ( 788.000, 100.000 ) ( 790.000, 520.000 )


SHORT: Special Wire of Net VSS & Blockage of Cell psum_mem_instance  ( M4 )
Bounds : ( 890.000, 100.000 ) ( 892.000, 520.000 )


SHORT: Special Wire of Net VDD & Blockage of Cell psum_mem_instance  ( M4 )
Bounds : ( 898.000, 100.000 ) ( 900.000, 520.000 )


SHORT: Special Wire of Net VSS & Blockage of Cell psum_mem_instance  ( M4 )
Bounds : ( 340.000, 510.160 ) ( 342.000, 520.000 )


SHORT: Special Wire of Net VSS & Blockage of Cell psum_mem_instance  ( M4 )
Bounds : ( 450.000, 510.160 ) ( 452.000, 520.000 )


SHORT: Special Wire of Net VSS & Blockage of Cell qmem_instance  ( M4 )
Bounds : ( 340.000, 600.000 ) ( 342.000, 609.675 )


SHORT: Special Wire of Net VSS & Blockage of Cell qmem_instance  ( M4 )
Bounds : ( 450.000, 600.000 ) ( 452.000, 609.840 )


SHORT: Regular Wire of Net inst[14] & Special Via of Net VDD  ( M3 )
Bounds : ( 99.650, 805.750 ) ( 99.715, 805.765 )


SHORT: Regular Wire of Net inst[13] & Special Via of Net VDD  ( M3 )
Bounds : ( 99.650, 801.835 ) ( 99.715, 801.850 )


SHORT: Special Wire of Net VSS & Blockage of Cell psum_mem_instance  ( M4 )
Bounds : ( 340.000, 100.000 ) ( 342.000, 109.675 )


SHORT: Regular Via of Net sfp_instance/n5230 & Blockage of Cell sfp_instance/FE_RC_5557_0  ( M1 )
Bounds : ( 307.650, 74.110 ) ( 307.750, 74.290 )


SHORT: Regular Via of Net sfp_instance/n16405 & Blockage of Cell sfp_instance/U19853  ( M1 )
Bounds : ( 308.050, 21.310 ) ( 308.150, 21.490 )


SHORT: Special Wire of Net VSS & Blockage of Cell psum_mem_instance  ( M4 )
Bounds : ( 450.000, 100.000 ) ( 452.000, 109.840 )


SHORT: Regular Via of Net sfp_instance/n2296 & Blockage of Cell sfp_instance/U6454  ( M1 )
Bounds : ( 362.410, 61.595 ) ( 362.590, 61.695 )


SHORT: Regular Via of Net sfp_instance/n3568 & Blockage of Cell sfp_instance/U6827  ( M1 )
Bounds : ( 380.850, 69.910 ) ( 380.950, 70.330 )


SHORT: Regular Via of Net sfp_instance/n6668 & Blockage of Cell sfp_instance/U7114  ( M1 )
Bounds : ( 378.810, 48.305 ) ( 378.990, 48.405 )


SHORT: Regular Via of Net sfp_instance/n18494 & Blockage of Cell sfp_instance/U20654  ( M1 )
Bounds : ( 434.610, 79.595 ) ( 434.790, 79.695 )


SHORT: Regular Via of Net sfp_instance/n23232 & Blockage of Cell sfp_instance/U14415  ( M1 )
Bounds : ( 110.650, 73.510 ) ( 110.750, 73.690 )


SHORT: Regular Via of Net sfp_instance/n5277 & Blockage of Cell sfp_instance/U3558  ( M1 )
Bounds : ( 200.050, 82.310 ) ( 200.150, 82.730 )


SHORT: Regular Via of Net sfp_instance/n18112 & Blockage of Cell sfp_instance/FE_RC_243_0  ( M1 )
Bounds : ( 307.250, 17.510 ) ( 307.350, 17.690 )


SHORT: Regular Via of Net sfp_instance/n18227 & Blockage of Cell sfp_instance/U19770  ( M1 )
Bounds : ( 218.410, 21.995 ) ( 218.590, 22.095 )


SPACING: Regular Wire of Net clk & Special Via of Net VSS  ( M3 )
Bounds : ( 99.715, 317.750 ) ( 99.800, 317.965 )
Actual:     0.085     Min:     0.1     Type: ParallelRun 


SHORT: Regular Wire of Net inst[9] & Special Via of Net VDD  ( M3 )
Bounds : ( 99.650, 301.750 ) ( 99.715, 301.765 )


SHORT: Regular Wire of Net inst[8] & Special Via of Net VDD  ( M3 )
Bounds : ( 99.650, 297.835 ) ( 99.715, 297.850 )


SHORT: Regular Via of Net sfp_instance/n5003 & Blockage of Cell sfp_instance/U17414  ( M1 )
Bounds : ( 56.450, 139.110 ) ( 56.550, 139.290 )


SHORT: Regular Via of Net sfp_instance/n23559 & Blockage of Cell sfp_instance/U18410  ( M1 )
Bounds : ( 74.450, 132.910 ) ( 74.550, 133.090 )


SHORT: Regular Via of Net sfp_instance/n8294 & Blockage of Cell sfp_instance/FE_RC_3457_0  ( M1 )
Bounds : ( 55.050, 53.510 ) ( 55.150, 53.690 )


SHORT: Regular Via of Net sfp_instance/n13389 & Blockage of Cell sfp_instance/FE_RC_5013_0  ( M1 )
Bounds : ( 54.650, 52.510 ) ( 54.750, 52.690 )


SHORT: Regular Via of Net sfp_instance/n14883 & Blockage of Cell sfp_instance/U1314  ( M1 )
Bounds : ( 74.650, 57.310 ) ( 74.750, 57.490 )


SHORT: Regular Via of Net sfp_instance/n8437 & Blockage of Cell sfp_instance/FE_RC_4025_0  ( M1 )
Bounds : ( 37.050, 21.310 ) ( 37.150, 21.490 )


SHORT: Special Wire of Net VSS & Pin of Cell psum_mem_instance  ( M4 )
Bounds : ( 340.000, 109.835 ) ( 340.710, 510.000 )


SPACING: Special Wire of Net VSS & Blockage of Cell psum_mem_instance  ( M4 )
Bounds : ( 339.550, 109.675 ) ( 340.000, 510.160 )
Actual:     0.45     Min:     0.5     Type: ParallelRun


SPACING: Special Wire of Net VSS & Blockage of Cell psum_mem_instance  ( M4 )
Bounds : ( 452.565, 110.000 ) ( 452.725, 510.000 )
Actual:     0.16     Min:     0.5     Type: ParallelRun


SHORT: Special Wire of Net VSS & Blockage of Cell psum_mem_instance  ( M4 )
Bounds : ( 120.000, 100.000 ) ( 122.000, 520.000 )


SHORT: Special Wire of Net VDD & Blockage of Cell psum_mem_instance  ( M4 )
Bounds : ( 128.000, 100.000 ) ( 130.000, 520.000 )


SHORT: Special Wire of Net VSS & Blockage of Cell psum_mem_instance  ( M4 )
Bounds : ( 230.000, 100.000 ) ( 232.000, 520.000 )


SHORT: Special Wire of Net VSS & Blockage of Cell psum_mem_instance  ( M4 )
Bounds : ( 340.870, 100.000 ) ( 342.000, 520.000 )


SHORT: Special Wire of Net VDD & Blockage of Cell psum_mem_instance  ( M4 )
Bounds : ( 238.000, 100.000 ) ( 240.000, 520.000 )


SHORT: Special Wire of Net VSS & Blockage of Cell psum_mem_instance  ( M4 )
Bounds : ( 450.000, 100.000 ) ( 451.405, 520.000 )


SHORT: Special Wire of Net VDD & Blockage of Cell psum_mem_instance  ( M4 )
Bounds : ( 348.000, 100.000 ) ( 350.000, 520.000 )


SHORT: Special Wire of Net VDD & Blockage of Cell psum_mem_instance  ( M4 )
Bounds : ( 458.000, 100.000 ) ( 460.000, 520.000 )


SHORT: Special Wire of Net VSS & Pin of Cell qmem_instance  ( M4 )
Bounds : ( 340.000, 609.835 ) ( 340.710, 1010.000 )


SPACING: Special Wire of Net VSS & Blockage of Cell qmem_instance  ( M4 )
Bounds : ( 339.550, 609.675 ) ( 340.000, 1010.160 )
Actual:     0.45     Min:     0.5     Type: ParallelRun


SPACING: Special Wire of Net VSS & Blockage of Cell qmem_instance  ( M4 )
Bounds : ( 452.565, 610.000 ) ( 452.725, 1010.000 )
Actual:     0.16     Min:     0.5     Type: ParallelRun


SHORT: Special Wire of Net VDD & Pin of Cell qmem_instance  ( M4 )
Bounds : ( 679.275, 610.000 ) ( 680.000, 1010.000 )


SPACING: Special Wire of Net VDD & Blockage of Cell qmem_instance  ( M4 )
Bounds : ( 567.260, 609.835 ) ( 567.420, 1010.000 )
Actual:     0.16     Min:     0.5     Type: ParallelRun


SPACING: Special Wire of Net VDD & Blockage of Cell qmem_instance  ( M4 )
Bounds : ( 680.000, 609.840 ) ( 680.435, 1010.160 )
Actual:     0.435     Min:     0.5     Type: ParallelRun


SHORT: Special Wire of Net VSS & Blockage of Cell qmem_instance  ( M4 )
Bounds : ( 120.000, 600.000 ) ( 122.000, 1020.000 )


SHORT: Special Wire of Net VDD & Blockage of Cell qmem_instance  ( M4 )
Bounds : ( 128.000, 600.000 ) ( 130.000, 1020.000 )


SHORT: Special Wire of Net VSS & Blockage of Cell qmem_instance  ( M4 )
Bounds : ( 230.000, 600.000 ) ( 232.000, 1020.000 )


SHORT: Special Wire of Net VSS & Blockage of Cell qmem_instance  ( M4 )
Bounds : ( 340.870, 600.000 ) ( 342.000, 1020.000 )


SHORT: Special Wire of Net VDD & Blockage of Cell qmem_instance  ( M4 )
Bounds : ( 238.000, 600.000 ) ( 240.000, 1020.000 )


SHORT: Special Wire of Net VSS & Blockage of Cell qmem_instance  ( M4 )
Bounds : ( 450.000, 600.000 ) ( 451.405, 1020.000 )


SHORT: Special Wire of Net VDD & Blockage of Cell qmem_instance  ( M4 )
Bounds : ( 348.000, 600.000 ) ( 350.000, 1020.000 )


SHORT: Special Wire of Net VDD & Blockage of Cell qmem_instance  ( M4 )
Bounds : ( 458.000, 600.000 ) ( 460.000, 1020.000 )


SHORT: Special Wire of Net VSS & Blockage of Cell qmem_instance  ( M4 )
Bounds : ( 560.000, 600.000 ) ( 562.000, 1020.000 )


SHORT: Special Wire of Net VSS & Blockage of Cell qmem_instance  ( M4 )
Bounds : ( 670.000, 600.000 ) ( 672.000, 1020.000 )


SHORT: Special Wire of Net VDD & Blockage of Cell qmem_instance  ( M4 )
Bounds : ( 568.580, 600.000 ) ( 570.000, 1020.000 )


SHORT: Special Wire of Net VDD & Blockage of Cell qmem_instance  ( M4 )
Bounds : ( 678.000, 600.000 ) ( 679.115, 1020.000 )


SHORT: Special Wire of Net VSS & Blockage of Cell qmem_instance  ( M4 )
Bounds : ( 780.000, 600.000 ) ( 782.000, 1020.000 )


SHORT: Special Wire of Net VDD & Blockage of Cell qmem_instance  ( M4 )
Bounds : ( 788.000, 600.000 ) ( 790.000, 1020.000 )


SHORT: Special Wire of Net VSS & Blockage of Cell qmem_instance  ( M4 )
Bounds : ( 890.000, 600.000 ) ( 892.000, 1020.000 )


SHORT: Special Wire of Net VDD & Blockage of Cell qmem_instance  ( M4 )
Bounds : ( 898.000, 600.000 ) ( 900.000, 1020.000 )



Begin Summary ...
  Cells       : 0
  SameNet     : 13
  Wiring      : 1
  Antenna     : 0
  Short       : 114
  Overlap     : 0
End Summary

  Total Violations : 128 Viols.
