###############################################################
#  Generated by:      Cadence Innovus 15.23-s045_1
#  OS:                Linux x86_64(Host ID ieng6-ece-03.ucsd.edu)
#  Generated on:      Fri Mar 21 16:57:51 2025
#  Design:            core
#  Command:           verifyGeometry
###############################################################

SHORT: Regular Via of Net mac_array_instance/col_idx_5__mac_col_inst/mac_16in_instance/DP_OP_78J5_122_5511_n1198 & Blockage of Cell mac_array_instance/col_idx_5__mac_col_inst/mac_16in_instance/U1590  ( M1 )
Bounds : ( 1154.810, 494.700 ) ( 1154.990, 494.800 )


SHORT: Regular Via of Net mac_array_instance/col_idx_5__mac_col_inst/mac_16in_instance/n888 & Blockage of Cell mac_array_instance/col_idx_5__mac_col_inst/mac_16in_instance/U607  ( M1 )
Bounds : ( 1170.010, 507.500 ) ( 1170.190, 507.600 )


SHORT: Regular Via of Net mac_array_instance/col_idx_1__mac_col_inst/mac_16in_instance/DP_OP_78J5_122_5511_n2420 & Blockage of Cell mac_array_instance/col_idx_1__mac_col_inst/mac_16in_instance/U1289  ( M1 )
Bounds : ( 416.810, 642.300 ) ( 416.990, 642.400 )


SHORT: Regular Via of Net mac_array_instance/col_idx_1__mac_col_inst/mac_16in_instance/n888 & Blockage of Cell mac_array_instance/col_idx_1__mac_col_inst/mac_16in_instance/U739  ( M1 )
Bounds : ( 487.010, 545.600 ) ( 487.190, 545.700 )


SHORT: Regular Via of Net mac_array_instance/col_idx_1__mac_col_inst/mac_16in_instance/n906 & Blockage of Cell mac_array_instance/col_idx_1__mac_col_inst/mac_16in_instance/U1076  ( M1 )
Bounds : ( 486.610, 615.500 ) ( 486.790, 615.600 )


SHORT: Regular Via of Net mac_array_instance/col_idx_3__mac_col_inst/mac_16in_instance/DP_OP_78J5_122_5511_n1199 & Blockage of Cell mac_array_instance/col_idx_3__mac_col_inst/mac_16in_instance/U1321  ( M1 )
Bounds : ( 848.810, 566.705 ) ( 848.990, 566.805 )


SHORT: Regular Via of Net mac_array_instance/col_idx_3__mac_col_inst/mac_16in_instance/n418 & Blockage of Cell mac_array_instance/col_idx_3__mac_col_inst/mac_16in_instance/U817  ( M1 )
Bounds : ( 776.010, 635.025 ) ( 776.190, 635.125 )


SHORT: Regular Via of Net mac_array_instance/col_idx_3__mac_col_inst/mac_16in_instance/n878 & Blockage of Cell mac_array_instance/col_idx_3__mac_col_inst/mac_16in_instance/U1619  ( M1 )
Bounds : ( 810.010, 568.700 ) ( 810.190, 568.800 )


SHORT: Regular Via of Net mac_array_instance/col_idx_3__mac_col_inst/mac_16in_instance/n902 & Blockage of Cell mac_array_instance/col_idx_3__mac_col_inst/mac_16in_instance/U636  ( M1 )
Bounds : ( 862.410, 554.300 ) ( 862.590, 554.400 )


SHORT: Regular Via of Net mac_array_instance/col_idx_3__mac_col_inst/mac_16in_instance/n906 & Blockage of Cell mac_array_instance/col_idx_3__mac_col_inst/mac_16in_instance/U1069  ( M1 )
Bounds : ( 863.210, 583.100 ) ( 863.390, 583.200 )


SHORT: Regular Via of Net mac_array_instance/col_idx_4__mac_col_inst/mac_16in_instance/n930 & Blockage of Cell mac_array_instance/col_idx_4__mac_col_inst/mac_16in_instance/U1215  ( M1 )
Bounds : ( 1061.610, 570.800 ) ( 1061.790, 570.900 )


SHORT: Regular Via of Net mac_array_instance/col_idx_5__mac_col_inst/mac_16in_instance/n977 & Blockage of Cell mac_array_instance/col_idx_5__mac_col_inst/mac_16in_instance/U622  ( M1 )
Bounds : ( 1152.810, 524.000 ) ( 1152.990, 524.100 )


SHORT: Regular Via of Net mac_array_instance/col_idx_5__mac_col_inst/mac_16in_instance/n1015 & Blockage of Cell mac_array_instance/col_idx_5__mac_col_inst/mac_16in_instance/U1108  ( M1 )
Bounds : ( 1151.210, 550.700 ) ( 1151.390, 550.800 )


SHORT: Regular Via of Net mac_array_instance/col_idx_7__mac_col_inst/mac_16in_instance/DP_OP_78J5_122_5511_n2334 & Blockage of Cell mac_array_instance/col_idx_7__mac_col_inst/mac_16in_instance/U555  ( M1 )
Bounds : ( 1154.810, 570.850 ) ( 1154.990, 570.950 )


SHORT: Regular Via of Net FE_OCPN9842_array_out_107_ & Blockage of Cell FE_OCPC9842_array_out_107_  ( M1 )
Bounds : ( 1036.210, 741.150 ) ( 1036.590, 741.250 )


SHORT: Regular Via of Net mac_array_instance/col_idx_6__mac_col_inst/FE_OCPN9639_FE_RN_73 & Blockage of Cell mac_array_instance/col_idx_6__mac_col_inst/FE_OCPC9639_FE_RN_73  ( M1 )
Bounds : ( 1155.010, 777.150 ) ( 1155.390, 777.250 )


SHORT: Regular Via of Net mac_array_instance/col_idx_6__mac_col_inst/mac_16in_instance/n902 & Blockage of Cell mac_array_instance/col_idx_6__mac_col_inst/mac_16in_instance/U734  ( M1 )
Bounds : ( 1098.210, 766.700 ) ( 1098.390, 766.800 )


SHORT: Regular Via of Net mac_array_instance/col_idx_6__mac_col_inst/mac_16in_instance/n1009 & Blockage of Cell mac_array_instance/col_idx_6__mac_col_inst/mac_16in_instance/U850  ( M1 )
Bounds : ( 1099.810, 734.300 ) ( 1099.990, 734.400 )


SHORT: Regular Via of Net mac_array_instance/col_idx_6__mac_col_inst/mac_16in_instance/n1025 & Blockage of Cell mac_array_instance/col_idx_6__mac_col_inst/mac_16in_instance/U858  ( M1 )
Bounds : ( 1133.210, 729.200 ) ( 1133.390, 729.300 )


SHORT: Regular Via of Net mac_array_instance/col_idx_7__mac_col_inst/mac_16in_instance/n899 & Blockage of Cell mac_array_instance/col_idx_7__mac_col_inst/mac_16in_instance/U912  ( M1 )
Bounds : ( 1169.810, 743.600 ) ( 1169.990, 743.700 )


SHORT: Regular Via of Net mac_array_instance/col_idx_8__mac_col_inst/mac_16in_instance/n1082 & Blockage of Cell mac_array_instance/col_idx_8__mac_col_inst/mac_16in_instance/U223  ( M1 )
Bounds : ( 1153.010, 840.800 ) ( 1153.190, 840.900 )


SHORT: Regular Via of Net sfp_instance/n5616 & Blockage of Cell sfp_instance/U5894  ( M1 )
Bounds : ( 708.450, 1180.510 ) ( 708.550, 1180.930 )


SHORT: Regular Via of Net sfp_instance/n375 & Blockage of Cell sfp_instance/U672  ( M1 )
Bounds : ( 755.410, 1087.675 ) ( 755.590, 1087.775 )


SHORT: Regular Via of Net sfp_instance/n5819 & Blockage of Cell sfp_instance/U6112  ( M1 )
Bounds : ( 793.610, 1141.675 ) ( 793.790, 1141.775 )


SHORT: Regular Via of Net sfp_instance/n6661 & Blockage of Cell sfp_instance/U6917  ( M1 )
Bounds : ( 796.210, 1164.310 ) ( 796.390, 1164.410 )



Begin Summary ...
  Cells       : 0
  SameNet     : 0
  Wiring      : 0
  Antenna     : 0
  Short       : 25
  Overlap     : 0
End Summary

  Total Violations : 25 Viols.
