*----------------------------------------------------------------------------------------
*	Innovus 15.23-s045_1 (64bit) 04/22/2016 12:32 (Linux 2.6.18-194.el5)
*	
*
* 	Date & Time:	2025-Mar-21 16:59:45 (2025-Mar-21 23:59:45 GMT)
*
*----------------------------------------------------------------------------------------
*
*	Design: core
*
*	Liberty Libraries used: 
*	        WC_VIEW: /home/linux/ieng6/ee260bwi25/jmsin/ECE260B-Final-Project/step3/pnr_fullchip/route.enc.dat/libs/mmmc/tcbn65gpluswc.lib
*	        WC_VIEW: /home/linux/ieng6/ee260bwi25/jmsin/ECE260B-Final-Project/step3/pnr_fullchip/route.enc.dat/libs/mmmc/sram_w16_WC.lib
*
*	Power Domain used: 
*		Rail:        VDD 	Voltage:        0.9 
*
*       Power View : WC_VIEW
*
*       User-Defined Activity : N.A.
*
*       Activity File: N.A.
*
*       Hierarchical Global Activity: N.A.
*
*       Global Activity: N.A.
*
*       Sequential Element Activity: 0.200000
*
*       Primary Input Activity: 0.200000
*
*       Default icg ratio: N.A.
*
*       Global Comb ClockGate Ratio: N.A.
*
*	Power Units = 1mW
*
*	Time Units = 1e-09 secs 
*
*       report_power -outfile core.post_route.power.rpt
*
-----------------------------------------------------------------------------------------


Total Power 
-----------------------------------------------------------------------------------------
Total Internal Power:      125.43708039 	   61.0963%
Total Switching Power:      73.06025490 	   35.5853%
Total Leakage Power:         6.81303575 	    3.3184%
Total Power:               205.31037093 
-----------------------------------------------------------------------------------------


Group                           Internal   Switching     Leakage       Total  Percentage 
                                Power      Power         Power         Power  (%)        
-----------------------------------------------------------------------------------------
Sequential                         48.83       3.801      0.3458       52.98        25.8 
Macro                                  0      0.9653       4.846       5.811       2.831 
IO                                     0           0     7.6e-07     7.6e-07   3.702e-07 
Combinational                      68.25       58.79       1.563       128.6       62.64 
Clock (Combinational)               8.36       9.502     0.05793       17.92       8.728 
Clock (Sequential)                     0           0           0           0           0 
-----------------------------------------------------------------------------------------
Total                              125.4       73.06       6.813       205.3         100 
-----------------------------------------------------------------------------------------


Rail                  Voltage   Internal   Switching     Leakage       Total  Percentage 
                                Power      Power         Power         Power  (%)        
-----------------------------------------------------------------------------------------
VDD                       0.9      125.4       73.06       6.813       205.3         100 


Clock                           Internal   Switching     Leakage       Total  Percentage 
                                Power      Power         Power         Power  (%)        
-----------------------------------------------------------------------------------------
clk                                 8.36       9.502     0.05793       17.92       8.728 
-----------------------------------------------------------------------------------------
Total (excluding duplicates)        8.36       9.502     0.05793       17.92       8.728 
-----------------------------------------------------------------------------------------


-----------------------------------------------------------------------------------------
*	Power Distribution Summary: 
* 		Highest Average Power:         psum_mem_instance (sram_w16): 	    0.4206 
* 		Highest Leakage Power: mac_array_instance/col_idx_4__mac_col_inst/mac_16in_instance/U1994 (CMPE42D2): 	 0.0002645 
* 		Total Cap: 	3.97848e-10 F
* 		Total instances in design: 132388
* 		Total instances in design with no power:     0
*          Total instances in design with no activity:     0
* 		Total Fillers and Decap: 83822
-----------------------------------------------------------------------------------------

