*----------------------------------------------------------------------------------------
*	Innovus 15.23-s045_1 (64bit) 04/22/2016 12:32 (Linux 2.6.18-194.el5)
*	
*
* 	Date & Time:	2025-Mar-12 19:53:40 (2025-Mar-13 02:53:40 GMT)
*
*----------------------------------------------------------------------------------------
*
*	Design: fullchip
*
*	Liberty Libraries used: 
*	        WC_VIEW: /home/linux/ieng6/ee260bwi25/jjl028/ece260_project/pnr/floorplan.enc.dat/libs/mmmc/tcbn65gpluswc.lib
*
*	Power Domain used: 
*		Rail:        VDD 	Voltage:        0.9 
*
*       Power View : WC_VIEW
*
*       User-Defined Activity : N.A.
*
*       Activity File: N.A.
*
*       Hierarchical Global Activity: N.A.
*
*       Global Activity: N.A.
*
*       Sequential Element Activity: 0.200000
*
*       Primary Input Activity: 0.200000
*
*       Default icg ratio: N.A.
*
*       Global Comb ClockGate Ratio: N.A.
*
*	Power Units = 1mW
*
*	Time Units = 1e-09 secs 
*
*       report_power -outfile fullchip.post_route.power.rpt
*
-----------------------------------------------------------------------------------------


Total Power 
-----------------------------------------------------------------------------------------
Total Internal Power:      174.92842768 	   68.3502%
Total Switching Power:      77.36959439 	   30.2308%
Total Leakage Power:         3.63175817 	    1.4190%
Total Power:               255.92978006 
-----------------------------------------------------------------------------------------


Group                           Internal   Switching     Leakage       Total  Percentage 
                                Power      Power         Power         Power  (%)        
-----------------------------------------------------------------------------------------
Sequential                         98.92       5.783      0.7237       105.4       41.19 
Macro                                  0           0      0.9379      0.9379      0.3665 
IO                                     0           0   1.824e-05   1.824e-05   7.127e-06 
Combinational                      68.03       53.99       1.916       123.9       48.43 
Clock (Combinational)              7.973        17.6     0.05441       25.63       10.01 
Clock (Sequential)                     0           0           0           0           0 
-----------------------------------------------------------------------------------------
Total                              174.9       77.37       3.632       255.9         100 
-----------------------------------------------------------------------------------------


Rail                  Voltage   Internal   Switching     Leakage       Total  Percentage 
                                Power      Power         Power         Power  (%)        
-----------------------------------------------------------------------------------------
VDD                       0.9      174.9       77.37       3.632       255.9         100 


Clock                           Internal   Switching     Leakage       Total  Percentage 
                                Power      Power         Power         Power  (%)        
-----------------------------------------------------------------------------------------
clk                                7.973        17.6     0.05441       25.63       10.01 
-----------------------------------------------------------------------------------------
Total (excluding duplicates)       7.973        17.6     0.05441       25.63       10.01 
-----------------------------------------------------------------------------------------


-----------------------------------------------------------------------------------------
*	Power Distribution Summary: 
* 		Highest Average Power: core_instance/psum_mem_instance/CTS_ccl_BUF_clk_G0_L5_8 (CKBD16): 	    0.1499 
* 		Highest Leakage Power: core_instance/mac_array_instance/col_idx_2__mac_col_inst/mac_16in_instance/U543 (FA1D4): 	 0.0002648 
* 		Total Cap: 	4.29655e-10 F
* 		Total instances in design: 113123
* 		Total instances in design with no power:     0
*          Total instances in design with no activity:     0
* 		Total Fillers and Decap: 63152
-----------------------------------------------------------------------------------------

