###############################################################
#  Generated by:      Cadence Innovus 15.23-s045_1
#  OS:                Linux x86_64(Host ID ieng6-ece-03.ucsd.edu)
#  Generated on:      Fri Mar 21 17:06:40 2025
#  Design:            core
#  Command:           verifyGeometry
###############################################################

EndOfLine: Regular Via of Net sfp_instance/n6459 & Pin of Cell sfp_instance/U6760  ( M1 )
Bounds : ( 543.080, 1184.900 ) ( 543.145, 1185.000 )
Actual:     0.1     Min:     0.11     Type: End Of Line ParallelEdge


SHORT: Regular Via of Net sfp_instance/n457 & Blockage of Cell sfp_instance/U772  ( M1 )
Bounds : ( 542.410, 1042.550 ) ( 542.590, 1042.650 )


SHORT: Regular Via of Net sfp_instance/n5630 & Blockage of Cell sfp_instance/U5911  ( M1 )
Bounds : ( 469.610, 1180.500 ) ( 469.790, 1180.600 )


SHORT: Regular Via of Net sfp_instance/n3666 & Blockage of Cell sfp_instance/U4009  ( M1 )
Bounds : ( 452.780, 1069.600 ) ( 453.020, 1069.700 )


SHORT: Regular Via of Net sfp_instance/n1553 & Blockage of Cell sfp_instance/U1919  ( M1 )
Bounds : ( 362.010, 1167.905 ) ( 362.190, 1168.005 )


SHORT: Regular Via of Net sfp_instance/n2621 & Blockage of Cell sfp_instance/U2972  ( M1 )
Bounds : ( 341.810, 1157.110 ) ( 341.990, 1157.210 )


SHORT: Regular Via of Net ofifo_inst/col_idx_2__fifo_instance/n225 & Blockage of Cell ofifo_inst/col_idx_2__fifo_instance/U46  ( M1 )
Bounds : ( 297.250, 1115.710 ) ( 297.350, 1115.890 )


SHORT: Regular Via of Net mac_array_instance/col_idx_7__mac_col_inst/mac_16in_instance/DP_OP_78J5_122_5511_n1418 & Blockage of Cell mac_array_instance/col_idx_7__mac_col_inst/mac_16in_instance/U1304  ( M1 )
Bounds : ( 794.050, 943.110 ) ( 794.150, 943.290 )


EndOfLine: Regular Via of Net mac_array_instance/col_idx_5__mac_col_inst/mac_16in_instance/n779 & Blockage of Cell FILLER_85696  ( M1 )
Bounds : ( 629.390, 925.010 ) ( 629.490, 925.110 )
Actual:     0.1     Min:     0.11     Type: End Of Line


EndOfLine: Regular Via of Net mac_array_instance/col_idx_5__mac_col_inst/mac_16in_instance/n779 & Pin of Cell mac_array_instance/col_idx_5__mac_col_inst/mac_16in_instance/U449  ( M1 )
Bounds : ( 629.280, 924.915 ) ( 629.325, 925.010 )
Actual:     0.095     Min:     0.11     Type: End Of Line ParallelEdge   


EndOfLine: Regular Via of Net mac_array_instance/col_idx_4__mac_col_inst/n151 & Blockage of Cell FILLER_85476  ( M1 )
Bounds : ( 561.190, 923.200 ) ( 561.290, 923.220 )
Actual:     0.1     Min:     0.11     Type: End Of Line


EndOfLine: Regular Via of Net mac_array_instance/col_idx_4__mac_col_inst/n151 & Pin of Cell mac_array_instance/col_idx_4__mac_col_inst/U23  ( M1 )
Bounds : ( 561.080, 923.000 ) ( 561.145, 923.100 )
Actual:     0.1     Min:     0.11     Type: End Of Line ParallelEdge


SHORT: Regular Via of Net mac_array_instance/col_idx_5__mac_col_inst/mac_16in_instance/n881 & Blockage of Cell mac_array_instance/col_idx_5__mac_col_inst/mac_16in_instance/U1621  ( M1 )
Bounds : ( 578.010, 868.000 ) ( 578.190, 868.100 )


SHORT: Regular Via of Net mac_array_instance/col_idx_4__mac_col_inst/mac_16in_instance/n804 & Blockage of Cell mac_array_instance/col_idx_4__mac_col_inst/mac_16in_instance/U1579  ( M1 )
Bounds : ( 540.210, 869.600 ) ( 540.390, 869.700 )


SHORT: Regular Via of Net mac_array_instance/col_idx_3__mac_col_inst/mac_16in_instance/n899 & Blockage of Cell mac_array_instance/col_idx_3__mac_col_inst/mac_16in_instance/U836  ( M1 )
Bounds : ( 542.810, 984.800 ) ( 542.990, 984.900 )


EndOfLine: Regular Via of Net mac_array_instance/col_idx_3__mac_col_inst/mac_16in_instance/n244 & Blockage of Cell FILLER_86959  ( M1 )
Bounds : ( 537.190, 935.810 ) ( 537.290, 935.910 )
Actual:     0.1     Min:     0.11     Type: End Of Line


EndOfLine: Regular Via of Net mac_array_instance/col_idx_3__mac_col_inst/mac_16in_instance/n244 & Pin of Cell mac_array_instance/col_idx_3__mac_col_inst/mac_16in_instance/U299  ( M1 )
Bounds : ( 537.080, 935.715 ) ( 537.125, 935.810 )
Actual:     0.095     Min:     0.11     Type: End Of Line ParallelEdge   


SHORT: Regular Via of Net mac_array_instance/col_idx_3__mac_col_inst/mac_16in_instance/n1015 & Blockage of Cell mac_array_instance/col_idx_3__mac_col_inst/mac_16in_instance/U1080  ( M1 )
Bounds : ( 450.010, 880.400 ) ( 450.190, 880.500 )


SHORT: Regular Via of Net mac_array_instance/col_idx_3__mac_col_inst/mac_16in_instance/n885 & Blockage of Cell mac_array_instance/col_idx_3__mac_col_inst/mac_16in_instance/U1125  ( M1 )
Bounds : ( 539.610, 959.600 ) ( 539.790, 959.700 )


SHORT: Regular Via of Net mac_array_instance/col_idx_2__mac_col_inst/mac_16in_instance/n434 & Blockage of Cell mac_array_instance/col_idx_2__mac_col_inst/mac_16in_instance/U1264  ( M1 )
Bounds : ( 380.010, 912.300 ) ( 380.190, 912.400 )


SHORT: Regular Via of Net mac_array_instance/col_idx_1__mac_col_inst/mac_16in_instance/n885 & Blockage of Cell mac_array_instance/col_idx_1__mac_col_inst/mac_16in_instance/U1143  ( M1 )
Bounds : ( 269.810, 948.800 ) ( 269.990, 948.900 )


SHORT: Regular Via of Net mac_array_instance/col_idx_1__mac_col_inst/mac_16in_instance/FE_RN_7 & Blockage of Cell mac_array_instance/col_idx_1__mac_col_inst/mac_16in_instance/U1143_dup  ( M1 )
Bounds : ( 270.010, 950.300 ) ( 270.190, 950.400 )


EndOfLine: Regular Via of Net sfp_instance/n6459 & Blockage of Cell FILLER_115450  ( M1 )
Bounds : ( 543.190, 1184.780 ) ( 543.290, 1184.800 )
Actual:     0.1     Min:     0.11     Type: End Of Line


SHORT: Regular Via of Net mac_array_instance/col_idx_6__mac_col_inst/mac_16in_instance/DP_OP_78J5_122_5511_n1771 & Blockage of Cell mac_array_instance/col_idx_6__mac_col_inst/mac_16in_instance/U579  ( M1 )
Bounds : ( 740.810, 853.600 ) ( 740.990, 853.700 )


SHORT: Regular Via of Net mac_array_instance/col_idx_6__mac_col_inst/mac_16in_instance/n1039 & Blockage of Cell mac_array_instance/col_idx_6__mac_col_inst/mac_16in_instance/U924  ( M1 )
Bounds : ( 704.610, 747.200 ) ( 704.790, 747.300 )


SHORT: Regular Via of Net mac_array_instance/col_idx_5__mac_col_inst/mac_16in_instance/n1023 & Blockage of Cell mac_array_instance/col_idx_5__mac_col_inst/mac_16in_instance/U850  ( M1 )
Bounds : ( 579.610, 849.500 ) ( 579.790, 849.600 )


SHORT: Regular Via of Net mac_array_instance/col_idx_4__mac_col_inst/mac_16in_instance/n902 & Blockage of Cell mac_array_instance/col_idx_4__mac_col_inst/mac_16in_instance/U850  ( M1 )
Bounds : ( 542.810, 818.700 ) ( 542.990, 818.800 )


SHORT: Regular Via of Net mac_array_instance/col_idx_4__mac_col_inst/mac_16in_instance/FE_OFN5044_q_temp_549_ & Blockage of Cell mac_array_instance/col_idx_4__mac_col_inst/mac_16in_instance/FE_OFC5044_q_temp_549_  ( M1 )
Bounds : ( 497.610, 776.350 ) ( 497.990, 776.450 )


EndOfLine: Regular Via of Net FE_OFN180_out_108_ & Blockage of Cell FILLER_55115  ( M1 )
Bounds : ( 392.105, 585.080 ) ( 392.210, 585.180 )
Actual:     0.105     Min:     0.11     Type: End Of Line


EndOfLine: Regular Via of Net FE_OFN180_out_108_ & Blockage of Cell FILLER_55115  ( M1 )
Bounds : ( 392.175, 584.985 ) ( 392.300, 585.080 )
Actual:     0.095     Min:     0.11     Type: End Of Line ParallelEdge   


EndOfLine: Regular Via of Net FE_OFN180_out_108_ & Pin of Cell FILLER_55115  ( M1 )
Bounds : ( 392.215, 585.180 ) ( 392.320, 585.270 )
Actual:     0.09     Min:     0.11     Type: End Of Line ParallelEdge



Begin Summary ...
  Cells       : 0
  SameNet     : 0
  Wiring      : 11
  Antenna     : 0
  Short       : 20
  Overlap     : 0
End Summary

  Total Violations : 31 Viols.
