*----------------------------------------------------------------------------------------
*	Innovus 15.23-s045_1 (64bit) 04/22/2016 12:32 (Linux 2.6.18-194.el5)
*	
*
* 	Date & Time:	2025-Mar-21 14:28:55 (2025-Mar-21 21:28:55 GMT)
*
*----------------------------------------------------------------------------------------
*
*	Design: core
*
*	Liberty Libraries used: 
*	        WC_VIEW: /home/linux/ieng6/ee260bwi25/public/PDKdata/lib/tcbn65gpluswc.lib
*	        WC_VIEW: ./subckt/sram_w16_WC.lib
*
*	Power Domain used: 
*		Rail:        VDD 	Voltage:        0.9 
*
*       Power View : WC_VIEW
*
*       User-Defined Activity : N.A.
*
*       Activity File: N.A.
*
*       Hierarchical Global Activity: N.A.
*
*       Global Activity: N.A.
*
*       Sequential Element Activity: 0.200000
*
*       Primary Input Activity: 0.200000
*
*       Default icg ratio: N.A.
*
*       Global Comb ClockGate Ratio: N.A.
*
*	Power Units = 1mW
*
*	Time Units = 1e-09 secs 
*
*       report_power -outfile core.post_route.power.rpt
*
-----------------------------------------------------------------------------------------


Total Power 
-----------------------------------------------------------------------------------------
Total Internal Power:      120.68105986 	   63.1703%
Total Switching Power:      68.44200640 	   35.8259%
Total Leakage Power:         1.91775811 	    1.0038%
Total Power:               191.04082418 
-----------------------------------------------------------------------------------------


Group                           Internal   Switching     Leakage       Total  Percentage 
                                Power      Power         Power         Power  (%)        
-----------------------------------------------------------------------------------------
Sequential                            49       3.573      0.3501       52.92        27.7 
Macro                                  0      0.5883           0      0.5883       0.308 
IO                                     0           0     7.6e-07     7.6e-07   3.978e-07 
Combinational                      64.66       55.25       1.519       121.4       63.56 
Clock (Combinational)              7.027       9.029      0.0486        16.1        8.43 
Clock (Sequential)                     0           0           0           0           0 
-----------------------------------------------------------------------------------------
Total                              120.7       68.44       1.918         191         100 
-----------------------------------------------------------------------------------------


Rail                  Voltage   Internal   Switching     Leakage       Total  Percentage 
                                Power      Power         Power         Power  (%)        
-----------------------------------------------------------------------------------------
VDD                       0.9      120.7       68.44       1.918         191         100 


Clock                           Internal   Switching     Leakage       Total  Percentage 
                                Power      Power         Power         Power  (%)        
-----------------------------------------------------------------------------------------
clk                                7.027       9.029      0.0486        16.1        8.43 
-----------------------------------------------------------------------------------------
Total (excluding duplicates)       7.027       9.029      0.0486        16.1        8.43 
-----------------------------------------------------------------------------------------


-----------------------------------------------------------------------------------------
*	Power Distribution Summary: 
* 		Highest Average Power:         psum_mem_instance (sram_w16): 	    0.2537 
* 		Highest Leakage Power: mac_array_instance/col_idx_5__mac_col_inst/mac_16in_instance/U1904 (CMPE42D2): 	 0.0002644 
* 		Total Cap: 	4.10267e-10 F
* 		Total instances in design: 42832
* 		Total instances in design with no power:     0
*          Total instances in design with no activity:     0
* 		Total Fillers and Decap:     0
-----------------------------------------------------------------------------------------

