*----------------------------------------------------------------------------------------
*	Innovus 15.23-s045_1 (64bit) 04/22/2016 12:32 (Linux 2.6.18-194.el5)
*	
*
* 	Date & Time:	2025-Mar-17 16:16:34 (2025-Mar-17 23:16:34 GMT)
*
*----------------------------------------------------------------------------------------
*
*	Design: fullchip
*
*	Liberty Libraries used: 
*	        WC_VIEW: /home/linux/ieng6/ee260bwi25/public/PDKdata/lib/tcbn65gpluswc.lib
*	        WC_VIEW: ./subckt/sram_w16_WC.lib
*
*	Power Domain used: 
*		Rail:        VDD 	Voltage:        0.9 
*
*       Power View : WC_VIEW
*
*       User-Defined Activity : N.A.
*
*       Activity File: N.A.
*
*       Hierarchical Global Activity: N.A.
*
*       Global Activity: N.A.
*
*       Sequential Element Activity: 0.200000
*
*       Primary Input Activity: 0.200000
*
*       Default icg ratio: N.A.
*
*       Global Comb ClockGate Ratio: N.A.
*
*	Power Units = 1mW
*
*	Time Units = 1e-09 secs 
*
*       report_power -outfile fullchip.post_route.power.rpt
*
-----------------------------------------------------------------------------------------


Total Power 
-----------------------------------------------------------------------------------------
Total Internal Power:      112.45127973 	   61.7964%
Total Switching Power:      62.96727494 	   34.6030%
Total Leakage Power:         6.55205712 	    3.6006%
Total Power:               181.97061165 
-----------------------------------------------------------------------------------------


Group                           Internal   Switching     Leakage       Total  Percentage 
                                Power      Power         Power         Power  (%)        
-----------------------------------------------------------------------------------------
Sequential                         45.33       3.226      0.3094       48.87       26.85 
Macro                                  0      0.9277        4.84       5.768        3.17 
IO                                     0           0     7.6e-07     7.6e-07   4.176e-07 
Combinational                      59.15       49.99       1.347       110.5       60.71 
Clock (Combinational)              7.972       8.827     0.05501       16.85       9.262 
Clock (Sequential)                     0           0           0           0           0 
-----------------------------------------------------------------------------------------
Total                              112.5       62.97       6.552         182         100 
-----------------------------------------------------------------------------------------


Rail                  Voltage   Internal   Switching     Leakage       Total  Percentage 
                                Power      Power         Power         Power  (%)        
-----------------------------------------------------------------------------------------
VDD                       0.9      112.5       62.97       6.552         182         100 


Clock                           Internal   Switching     Leakage       Total  Percentage 
                                Power      Power         Power         Power  (%)        
-----------------------------------------------------------------------------------------
clk                                7.972       8.827     0.05501       16.85       9.262 
-----------------------------------------------------------------------------------------
Total (excluding duplicates)       7.972       8.827     0.05501       16.85       9.262 
-----------------------------------------------------------------------------------------


-----------------------------------------------------------------------------------------
*	Power Distribution Summary: 
* 		Highest Average Power: core_instance/kmem_instance (sram_w16): 	    0.4578 
* 		Highest Leakage Power: core_instance/mac_array_instance/col_idx_3__mac_col_inst/mac_16in_instance/U1904 (CMPE42D2): 	 0.0002645 
* 		Total Cap: 	3.47729e-10 F
* 		Total instances in design: 148561
* 		Total instances in design with no power:     0
*          Total instances in design with no activity:     0
* 		Total Fillers and Decap: 108234
-----------------------------------------------------------------------------------------

