*----------------------------------------------------------------------------------------
*	Innovus 15.23-s045_1 (64bit) 04/22/2016 12:32 (Linux 2.6.18-194.el5)
*	
*
* 	Date & Time:	2025-Mar-19 17:51:38 (2025-Mar-20 00:51:38 GMT)
*
*----------------------------------------------------------------------------------------
*
*	Design: fullchip
*
*	Liberty Libraries used: 
*	        WC_VIEW: /home/linux/ieng6/ee260bwi25/public/PDKdata/lib/tcbn65gpluswc.lib
*	        WC_VIEW: ./subckt/sram_w16_WC.lib
*
*	Power Domain used: 
*		Rail:        VDD 	Voltage:        0.9 
*
*       Power View : WC_VIEW
*
*       User-Defined Activity : N.A.
*
*       Activity File: N.A.
*
*       Hierarchical Global Activity: N.A.
*
*       Global Activity: N.A.
*
*       Sequential Element Activity: 0.200000
*
*       Primary Input Activity: 0.200000
*
*       Default icg ratio: N.A.
*
*       Global Comb ClockGate Ratio: N.A.
*
*	Power Units = 1mW
*
*	Time Units = 1e-09 secs 
*
*       report_power -outfile fullchip.post_route.power.rpt
*
-----------------------------------------------------------------------------------------


Total Power 
-----------------------------------------------------------------------------------------
Total Internal Power:      123.70478766 	   58.8348%
Total Switching Power:      79.55261732 	   37.8358%
Total Leakage Power:         7.00034354 	    3.3294%
Total Power:               210.25774853 
-----------------------------------------------------------------------------------------


Group                           Internal   Switching     Leakage       Total  Percentage 
                                Power      Power         Power         Power  (%)        
-----------------------------------------------------------------------------------------
Sequential                            46       3.653      0.3239       49.97       23.77 
Macro                                  0      0.9736       5.104       6.078       2.891 
IO                                     0           0     7.6e-07     7.6e-07   3.615e-07 
Combinational                       69.6       65.77       1.515       136.9       65.11 
Clock (Combinational)              8.105       9.153     0.05682       17.32       8.235 
Clock (Sequential)                     0           0           0           0           0 
-----------------------------------------------------------------------------------------
Total                              123.7       79.55           7       210.3         100 
-----------------------------------------------------------------------------------------


Rail                  Voltage   Internal   Switching     Leakage       Total  Percentage 
                                Power      Power         Power         Power  (%)        
-----------------------------------------------------------------------------------------
VDD                       0.9      123.7       79.55           7       210.3         100 


Clock                           Internal   Switching     Leakage       Total  Percentage 
                                Power      Power         Power         Power  (%)        
-----------------------------------------------------------------------------------------
clk                                8.105       9.153     0.05682       17.32       8.235 
-----------------------------------------------------------------------------------------
Total (excluding duplicates)       8.105       9.153     0.05682       17.32       8.235 
-----------------------------------------------------------------------------------------


-----------------------------------------------------------------------------------------
*	Power Distribution Summary: 
* 		Highest Average Power: core_instance/psum_mem_instance (sram_w16): 	    0.4206 
* 		Highest Leakage Power: core_instance/mac_array_instance/col_idx_6__mac_col_inst/mac_16in_instance/U1904 (CMPE42D2): 	 0.0002645 
* 		Total Cap: 	3.91901e-10 F
* 		Total instances in design: 133691
* 		Total instances in design with no power:     0
*          Total instances in design with no activity:     0
* 		Total Fillers and Decap: 86684
-----------------------------------------------------------------------------------------

